2016-01-27 19:57:23,697 [Worker-20] INFO  o.e.m.c.i.p.ProjectConfigurationManager - Collecting project info '/pom.xml' /home/nico/java-bootcamp-2016/topic5/Mongo/pom.xml
2016-01-27 19:57:30,611 [Worker-20] INFO  o.e.m.c.i.l.LifecycleMappingFactory - Using org.eclipse.m2e.jdt.JarLifecycleMapping lifecycle mapping for MavenProject: Query:Mongo:0.0.1-SNAPSHOT @ /home/nico/java-bootcamp-2016/topic5/Mongo/pom.xml.
2016-01-27 19:57:32,520 [Worker-20] INFO  o.e.m.j.i.AbstractJavaProjectConfigurator - Adding source folder /Mongo/src/main/java
2016-01-27 19:57:32,523 [Worker-20] INFO  o.e.m.j.i.AbstractJavaProjectConfigurator - Adding source folder /Mongo/src/test/java
2016-01-27 19:57:36,020 [Worker-20] INFO  o.e.m.c.i.p.ProjectConfigurationManager - Imported and configured 1 project(s) in 12 sec
2016-01-27 19:57:37,207 [Worker-17] INFO  o.e.m.c.i.embedder.EclipseLogger - Using 'UTF-8' encoding to copy filtered resources.
2016-01-27 19:57:37,208 [Worker-17] INFO  o.e.m.c.i.embedder.EclipseLogger - skip non existing resourceDirectory /home/nico/java-bootcamp-2016/topic5/Mongo/src/main/resources
2016-01-27 19:57:37,212 [Worker-17] INFO  o.e.m.c.i.embedder.EclipseLogger - Using 'UTF-8' encoding to copy filtered resources.
2016-01-27 19:57:37,213 [Worker-17] INFO  o.e.m.c.i.embedder.EclipseLogger - skip non existing resourceDirectory /home/nico/java-bootcamp-2016/topic5/Mongo/src/test/resources
2016-01-27 20:00:38,884 [Worker-17] INFO  o.e.m.c.i.l.LifecycleMappingFactory - Using org.eclipse.m2e.jdt.JarLifecycleMapping lifecycle mapping for MavenProject: Query:Mongo:0.0.1-SNAPSHOT @ /home/nico/java-bootcamp-2016/topic5/Mongo/pom.xml.
2016-01-27 20:00:40,415 [Worker-17] INFO  o.e.m.c.i.e.AbstractTransferListenerAdapter - Downloading https://repo.maven.apache.org/maven2/org/mongodb/mongo-java-driver/2.11.0/mongo-java-driver-2.11.0.pom
2016-01-27 20:00:40,637 [Worker-17] INFO  o.e.m.c.i.e.AbstractTransferListenerAdapter - Downloaded https://repo.maven.apache.org/maven2/org/mongodb/mongo-java-driver/2.11.0/mongo-java-driver-2.11.0.pom
2016-01-27 20:00:41,015 [Worker-17] INFO  o.e.m.c.i.e.AbstractTransferListenerAdapter - Downloading https://repo.maven.apache.org/maven2/org/mongodb/mongo-java-driver/2.11.0/mongo-java-driver-2.11.0.jar
2016-01-27 20:00:41,819 [Worker-17] INFO  o.e.m.c.i.e.AbstractTransferListenerAdapter - Downloaded https://repo.maven.apache.org/maven2/org/mongodb/mongo-java-driver/2.11.0/mongo-java-driver-2.11.0.jar
2016-01-27 20:00:42,434 [Worker-17] INFO  o.e.m.c.i.embedder.EclipseLogger - Using 'UTF-8' encoding to copy filtered resources.
2016-01-27 20:00:42,435 [Worker-17] INFO  o.e.m.c.i.embedder.EclipseLogger - skip non existing resourceDirectory /home/nico/java-bootcamp-2016/topic5/Mongo/src/main/resources
2016-01-27 20:00:42,438 [Worker-17] INFO  o.e.m.c.i.embedder.EclipseLogger - Using 'UTF-8' encoding to copy filtered resources.
2016-01-27 20:00:42,438 [Worker-17] INFO  o.e.m.c.i.embedder.EclipseLogger - skip non existing resourceDirectory /home/nico/java-bootcamp-2016/topic5/Mongo/src/test/resources
2016-01-27 20:00:43,966 [Worker-23] INFO  o.e.m.c.i.embedder.EclipseLogger - Using 'UTF-8' encoding to copy filtered resources.
2016-01-27 20:00:43,966 [Worker-23] INFO  o.e.m.c.i.embedder.EclipseLogger - skip non existing resourceDirectory /home/nico/java-bootcamp-2016/topic5/Mongo/src/main/resources
2016-01-27 20:00:43,970 [Worker-23] INFO  o.e.m.c.i.embedder.EclipseLogger - Using 'UTF-8' encoding to copy filtered resources.
2016-01-27 20:00:43,970 [Worker-23] INFO  o.e.m.c.i.embedder.EclipseLogger - skip non existing resourceDirectory /home/nico/java-bootcamp-2016/topic5/Mongo/src/test/resources
2016-01-27 20:01:02,933 [Worker-19] INFO  o.e.m.c.i.embedder.EclipseLogger - Using 'UTF-8' encoding to copy filtered resources.
2016-01-27 20:01:02,934 [Worker-19] INFO  o.e.m.c.i.embedder.EclipseLogger - skip non existing resourceDirectory /home/nico/java-bootcamp-2016/topic5/Mongo/src/main/resources
2016-01-27 20:01:02,935 [Worker-19] INFO  o.e.m.c.i.embedder.EclipseLogger - Using 'UTF-8' encoding to copy filtered resources.
2016-01-27 20:01:02,936 [Worker-19] INFO  o.e.m.c.i.embedder.EclipseLogger - skip non existing resourceDirectory /home/nico/java-bootcamp-2016/topic5/Mongo/src/test/resources
2016-01-27 20:01:37,911 [Worker-21] INFO  o.e.m.c.i.embedder.EclipseLogger - Using 'UTF-8' encoding to copy filtered resources.
2016-01-27 20:01:37,911 [Worker-21] INFO  o.e.m.c.i.embedder.EclipseLogger - skip non existing resourceDirectory /home/nico/java-bootcamp-2016/topic5/Mongo/src/main/resources
2016-01-27 20:01:37,913 [Worker-21] INFO  o.e.m.c.i.embedder.EclipseLogger - Using 'UTF-8' encoding to copy filtered resources.
2016-01-27 20:01:37,914 [Worker-21] INFO  o.e.m.c.i.embedder.EclipseLogger - skip non existing resourceDirectory /home/nico/java-bootcamp-2016/topic5/Mongo/src/test/resources
2016-01-27 20:01:45,685 [Worker-22] INFO  o.e.m.c.i.embedder.EclipseLogger - Using 'UTF-8' encoding to copy filtered resources.
2016-01-27 20:01:45,686 [Worker-22] INFO  o.e.m.c.i.embedder.EclipseLogger - skip non existing resourceDirectory /home/nico/java-bootcamp-2016/topic5/Mongo/src/main/resources
2016-01-27 20:01:45,687 [Worker-22] INFO  o.e.m.c.i.embedder.EclipseLogger - Using 'UTF-8' encoding to copy filtered resources.
2016-01-27 20:01:45,688 [Worker-22] INFO  o.e.m.c.i.embedder.EclipseLogger - skip non existing resourceDirectory /home/nico/java-bootcamp-2016/topic5/Mongo/src/test/resources
2016-01-27 20:01:56,543 [Worker-21] INFO  o.e.m.c.i.embedder.EclipseLogger - Using 'UTF-8' encoding to copy filtered resources.
2016-01-27 20:01:56,543 [Worker-21] INFO  o.e.m.c.i.embedder.EclipseLogger - skip non existing resourceDirectory /home/nico/java-bootcamp-2016/topic5/Mongo/src/main/resources
2016-01-27 20:01:56,545 [Worker-21] INFO  o.e.m.c.i.embedder.EclipseLogger - Using 'UTF-8' encoding to copy filtered resources.
2016-01-27 20:01:56,545 [Worker-21] INFO  o.e.m.c.i.embedder.EclipseLogger - skip non existing resourceDirectory /home/nico/java-bootcamp-2016/topic5/Mongo/src/test/resources
2016-01-27 20:16:49,404 [Worker-24] INFO  o.e.m.c.i.p.ProjectConfigurationManager - Update started
2016-01-27 20:16:54,902 [Worker-24] INFO  o.e.m.c.i.l.LifecycleMappingFactory - Using org.eclipse.m2e.jdt.JarLifecycleMapping lifecycle mapping for MavenProject: Query:Mongo:0.0.1-SNAPSHOT @ /home/nico/java-bootcamp-2016/topic5/Mongo/pom.xml.
2016-01-27 20:16:56,835 [Worker-24] INFO  o.e.m.j.i.AbstractJavaProjectConfigurator - Adding source folder /Mongo/src/main/java
2016-01-27 20:16:56,836 [Worker-24] INFO  o.e.m.j.i.AbstractJavaProjectConfigurator - Adding source folder /Mongo/src/test/java
2016-01-27 20:16:57,222 [Worker-24] INFO  o.e.m.c.i.p.ProjectConfigurationManager - Update completed: 7 sec
2016-01-27 20:16:57,588 [Worker-24] INFO  o.e.m.c.i.embedder.EclipseLogger - Using 'UTF-8' encoding to copy filtered resources.
2016-01-27 20:16:57,588 [Worker-24] INFO  o.e.m.c.i.embedder.EclipseLogger - skip non existing resourceDirectory /home/nico/java-bootcamp-2016/topic5/Mongo/src/main/resources
2016-01-27 20:16:57,597 [Worker-24] INFO  o.e.m.c.i.embedder.EclipseLogger - Using 'UTF-8' encoding to copy filtered resources.
2016-01-27 20:16:57,597 [Worker-24] INFO  o.e.m.c.i.embedder.EclipseLogger - skip non existing resourceDirectory /home/nico/java-bootcamp-2016/topic5/Mongo/src/test/resources
2016-01-27 20:17:48,801 [Worker-28] INFO  o.e.m.c.i.embedder.EclipseLogger - Using 'UTF-8' encoding to copy filtered resources.
2016-01-27 20:17:48,801 [Worker-28] INFO  o.e.m.c.i.embedder.EclipseLogger - skip non existing resourceDirectory /home/nico/java-bootcamp-2016/topic5/Mongo/src/main/resources
2016-01-27 20:17:48,803 [Worker-28] INFO  o.e.m.c.i.embedder.EclipseLogger - Using 'UTF-8' encoding to copy filtered resources.
2016-01-27 20:17:48,803 [Worker-28] INFO  o.e.m.c.i.embedder.EclipseLogger - skip non existing resourceDirectory /home/nico/java-bootcamp-2016/topic5/Mongo/src/test/resources
2016-01-27 20:17:57,494 [Worker-24] INFO  o.e.m.c.i.embedder.EclipseLogger - Using 'UTF-8' encoding to copy filtered resources.
2016-01-27 20:17:57,495 [Worker-24] INFO  o.e.m.c.i.embedder.EclipseLogger - skip non existing resourceDirectory /home/nico/java-bootcamp-2016/topic5/Mongo/src/main/resources
2016-01-27 20:17:57,497 [Worker-24] INFO  o.e.m.c.i.embedder.EclipseLogger - Using 'UTF-8' encoding to copy filtered resources.
2016-01-27 20:17:57,498 [Worker-24] INFO  o.e.m.c.i.embedder.EclipseLogger - skip non existing resourceDirectory /home/nico/java-bootcamp-2016/topic5/Mongo/src/test/resources
2016-01-27 20:18:53,292 [Worker-27] INFO  o.e.m.c.i.embedder.EclipseLogger - Using 'UTF-8' encoding to copy filtered resources.
2016-01-27 20:18:53,292 [Worker-27] INFO  o.e.m.c.i.embedder.EclipseLogger - skip non existing resourceDirectory /home/nico/java-bootcamp-2016/topic5/Mongo/src/main/resources
2016-01-27 20:18:53,295 [Worker-27] INFO  o.e.m.c.i.embedder.EclipseLogger - Using 'UTF-8' encoding to copy filtered resources.
2016-01-27 20:18:53,295 [Worker-27] INFO  o.e.m.c.i.embedder.EclipseLogger - skip non existing resourceDirectory /home/nico/java-bootcamp-2016/topic5/Mongo/src/test/resources
2016-01-27 20:19:06,286 [Worker-29] INFO  o.e.m.c.i.embedder.EclipseLogger - Using 'UTF-8' encoding to copy filtered resources.
2016-01-27 20:19:06,286 [Worker-29] INFO  o.e.m.c.i.embedder.EclipseLogger - skip non existing resourceDirectory /home/nico/java-bootcamp-2016/topic5/Mongo/src/main/resources
2016-01-27 20:19:06,288 [Worker-29] INFO  o.e.m.c.i.embedder.EclipseLogger - Using 'UTF-8' encoding to copy filtered resources.
2016-01-27 20:19:06,288 [Worker-29] INFO  o.e.m.c.i.embedder.EclipseLogger - skip non existing resourceDirectory /home/nico/java-bootcamp-2016/topic5/Mongo/src/test/resources
2016-01-27 20:19:18,201 [Worker-29] INFO  o.e.m.c.i.embedder.EclipseLogger - Using 'UTF-8' encoding to copy filtered resources.
2016-01-27 20:19:18,202 [Worker-29] INFO  o.e.m.c.i.embedder.EclipseLogger - skip non existing resourceDirectory /home/nico/java-bootcamp-2016/topic5/Mongo/src/main/resources
2016-01-27 20:19:18,205 [Worker-29] INFO  o.e.m.c.i.embedder.EclipseLogger - Using 'UTF-8' encoding to copy filtered resources.
2016-01-27 20:19:18,205 [Worker-29] INFO  o.e.m.c.i.embedder.EclipseLogger - skip non existing resourceDirectory /home/nico/java-bootcamp-2016/topic5/Mongo/src/test/resources
2016-01-27 20:19:40,475 [Worker-29] INFO  o.e.m.c.i.embedder.EclipseLogger - Using 'UTF-8' encoding to copy filtered resources.
2016-01-27 20:19:40,475 [Worker-29] INFO  o.e.m.c.i.embedder.EclipseLogger - skip non existing resourceDirectory /home/nico/java-bootcamp-2016/topic5/Mongo/src/main/resources
2016-01-27 20:19:40,477 [Worker-29] INFO  o.e.m.c.i.embedder.EclipseLogger - Using 'UTF-8' encoding to copy filtered resources.
2016-01-27 20:19:40,477 [Worker-29] INFO  o.e.m.c.i.embedder.EclipseLogger - skip non existing resourceDirectory /home/nico/java-bootcamp-2016/topic5/Mongo/src/test/resources
2016-01-27 20:27:37,308 [Worker-30] INFO  o.e.m.c.i.embedder.EclipseLogger - Using 'UTF-8' encoding to copy filtered resources.
2016-01-27 20:27:37,308 [Worker-30] INFO  o.e.m.c.i.embedder.EclipseLogger - skip non existing resourceDirectory /home/nico/java-bootcamp-2016/topic5/Mongo/src/main/resources
2016-01-27 20:27:37,311 [Worker-30] INFO  o.e.m.c.i.embedder.EclipseLogger - Using 'UTF-8' encoding to copy filtered resources.
2016-01-27 20:27:37,311 [Worker-30] INFO  o.e.m.c.i.embedder.EclipseLogger - skip non existing resourceDirectory /home/nico/java-bootcamp-2016/topic5/Mongo/src/test/resources
2016-01-27 20:28:55,989 [Worker-31] INFO  o.e.m.c.i.embedder.EclipseLogger - Using 'UTF-8' encoding to copy filtered resources.
2016-01-27 20:28:56,002 [Worker-31] INFO  o.e.m.c.i.embedder.EclipseLogger - skip non existing resourceDirectory /home/nico/java-bootcamp-2016/topic5/Mongo/src/main/resources
2016-01-27 20:28:56,006 [Worker-31] INFO  o.e.m.c.i.embedder.EclipseLogger - Using 'UTF-8' encoding to copy filtered resources.
2016-01-27 20:28:56,007 [Worker-31] INFO  o.e.m.c.i.embedder.EclipseLogger - skip non existing resourceDirectory /home/nico/java-bootcamp-2016/topic5/Mongo/src/test/resources
2016-01-27 20:31:03,093 [Worker-30] INFO  o.e.m.c.i.embedder.EclipseLogger - Using 'UTF-8' encoding to copy filtered resources.
2016-01-27 20:31:03,134 [Worker-30] INFO  o.e.m.c.i.embedder.EclipseLogger - skip non existing resourceDirectory /home/nico/java-bootcamp-2016/topic5/Mongo/src/main/resources
2016-01-27 20:31:03,137 [Worker-30] INFO  o.e.m.c.i.embedder.EclipseLogger - Using 'UTF-8' encoding to copy filtered resources.
2016-01-27 20:31:03,138 [Worker-30] INFO  o.e.m.c.i.embedder.EclipseLogger - skip non existing resourceDirectory /home/nico/java-bootcamp-2016/topic5/Mongo/src/test/resources
2016-01-27 20:31:07,320 [Worker-33] INFO  o.e.m.c.i.embedder.EclipseLogger - Using 'UTF-8' encoding to copy filtered resources.
2016-01-27 20:31:07,320 [Worker-33] INFO  o.e.m.c.i.embedder.EclipseLogger - skip non existing resourceDirectory /home/nico/java-bootcamp-2016/topic5/Mongo/src/main/resources
2016-01-27 20:31:07,323 [Worker-33] INFO  o.e.m.c.i.embedder.EclipseLogger - Using 'UTF-8' encoding to copy filtered resources.
2016-01-27 20:31:07,323 [Worker-33] INFO  o.e.m.c.i.embedder.EclipseLogger - skip non existing resourceDirectory /home/nico/java-bootcamp-2016/topic5/Mongo/src/test/resources
2016-01-27 20:33:22,761 [Worker-24] INFO  o.e.m.c.i.embedder.EclipseLogger - Using 'UTF-8' encoding to copy filtered resources.
2016-01-27 20:33:22,762 [Worker-24] INFO  o.e.m.c.i.embedder.EclipseLogger - skip non existing resourceDirectory /home/nico/java-bootcamp-2016/topic5/Mongo/src/main/resources
2016-01-27 20:33:22,764 [Worker-24] INFO  o.e.m.c.i.embedder.EclipseLogger - Using 'UTF-8' encoding to copy filtered resources.
2016-01-27 20:33:22,764 [Worker-24] INFO  o.e.m.c.i.embedder.EclipseLogger - skip non existing resourceDirectory /home/nico/java-bootcamp-2016/topic5/Mongo/src/test/resources
2016-01-27 20:34:09,814 [Worker-33] INFO  o.e.m.c.i.embedder.EclipseLogger - Using 'UTF-8' encoding to copy filtered resources.
2016-01-27 20:34:09,814 [Worker-33] INFO  o.e.m.c.i.embedder.EclipseLogger - skip non existing resourceDirectory /home/nico/java-bootcamp-2016/topic5/Mongo/src/main/resources
2016-01-27 20:34:09,816 [Worker-33] INFO  o.e.m.c.i.embedder.EclipseLogger - Using 'UTF-8' encoding to copy filtered resources.
2016-01-27 20:34:09,816 [Worker-33] INFO  o.e.m.c.i.embedder.EclipseLogger - skip non existing resourceDirectory /home/nico/java-bootcamp-2016/topic5/Mongo/src/test/resources
2016-01-27 20:36:12,468 [Worker-31] INFO  o.e.m.c.i.embedder.EclipseLogger - Using 'UTF-8' encoding to copy filtered resources.
2016-01-27 20:36:12,468 [Worker-31] INFO  o.e.m.c.i.embedder.EclipseLogger - skip non existing resourceDirectory /home/nico/java-bootcamp-2016/topic5/Mongo/src/main/resources
2016-01-27 20:36:12,470 [Worker-31] INFO  o.e.m.c.i.embedder.EclipseLogger - Using 'UTF-8' encoding to copy filtered resources.
2016-01-27 20:36:12,471 [Worker-31] INFO  o.e.m.c.i.embedder.EclipseLogger - skip non existing resourceDirectory /home/nico/java-bootcamp-2016/topic5/Mongo/src/test/resources
2016-01-27 20:38:00,774 [Worker-33] INFO  o.e.m.c.i.embedder.EclipseLogger - Using 'UTF-8' encoding to copy filtered resources.
2016-01-27 20:38:00,774 [Worker-33] INFO  o.e.m.c.i.embedder.EclipseLogger - skip non existing resourceDirectory /home/nico/java-bootcamp-2016/topic5/Mongo/src/main/resources
2016-01-27 20:38:00,776 [Worker-33] INFO  o.e.m.c.i.embedder.EclipseLogger - Using 'UTF-8' encoding to copy filtered resources.
2016-01-27 20:38:00,776 [Worker-33] INFO  o.e.m.c.i.embedder.EclipseLogger - skip non existing resourceDirectory /home/nico/java-bootcamp-2016/topic5/Mongo/src/test/resources
2016-01-27 20:39:18,959 [Worker-33] INFO  o.e.m.c.i.embedder.EclipseLogger - Using 'UTF-8' encoding to copy filtered resources.
2016-01-27 20:39:18,959 [Worker-33] INFO  o.e.m.c.i.embedder.EclipseLogger - skip non existing resourceDirectory /home/nico/java-bootcamp-2016/topic5/Mongo/src/main/resources
2016-01-27 20:39:18,965 [Worker-33] INFO  o.e.m.c.i.embedder.EclipseLogger - Using 'UTF-8' encoding to copy filtered resources.
2016-01-27 20:39:18,965 [Worker-33] INFO  o.e.m.c.i.embedder.EclipseLogger - skip non existing resourceDirectory /home/nico/java-bootcamp-2016/topic5/Mongo/src/test/resources
2016-01-27 20:40:29,225 [Worker-33] INFO  o.e.m.c.i.embedder.EclipseLogger - Using 'UTF-8' encoding to copy filtered resources.
2016-01-27 20:40:29,253 [Worker-33] INFO  o.e.m.c.i.embedder.EclipseLogger - skip non existing resourceDirectory /home/nico/java-bootcamp-2016/topic5/Mongo/src/main/resources
2016-01-27 20:40:29,255 [Worker-33] INFO  o.e.m.c.i.embedder.EclipseLogger - Using 'UTF-8' encoding to copy filtered resources.
2016-01-27 20:40:29,255 [Worker-33] INFO  o.e.m.c.i.embedder.EclipseLogger - skip non existing resourceDirectory /home/nico/java-bootcamp-2016/topic5/Mongo/src/test/resources
2016-01-27 20:40:46,821 [Worker-31] INFO  o.e.m.c.i.embedder.EclipseLogger - Using 'UTF-8' encoding to copy filtered resources.
2016-01-27 20:40:46,822 [Worker-31] INFO  o.e.m.c.i.embedder.EclipseLogger - skip non existing resourceDirectory /home/nico/java-bootcamp-2016/topic5/Mongo/src/main/resources
2016-01-27 20:40:46,824 [Worker-31] INFO  o.e.m.c.i.embedder.EclipseLogger - Using 'UTF-8' encoding to copy filtered resources.
2016-01-27 20:40:46,824 [Worker-31] INFO  o.e.m.c.i.embedder.EclipseLogger - skip non existing resourceDirectory /home/nico/java-bootcamp-2016/topic5/Mongo/src/test/resources
2016-01-27 20:41:10,476 [Worker-30] INFO  o.e.m.c.i.embedder.EclipseLogger - Using 'UTF-8' encoding to copy filtered resources.
2016-01-27 20:41:10,476 [Worker-30] INFO  o.e.m.c.i.embedder.EclipseLogger - skip non existing resourceDirectory /home/nico/java-bootcamp-2016/topic5/Mongo/src/main/resources
2016-01-27 20:41:10,479 [Worker-30] INFO  o.e.m.c.i.embedder.EclipseLogger - Using 'UTF-8' encoding to copy filtered resources.
2016-01-27 20:41:10,480 [Worker-30] INFO  o.e.m.c.i.embedder.EclipseLogger - skip non existing resourceDirectory /home/nico/java-bootcamp-2016/topic5/Mongo/src/test/resources
2016-01-27 20:43:42,185 [Worker-30] INFO  o.e.m.c.i.embedder.EclipseLogger - Using 'UTF-8' encoding to copy filtered resources.
2016-01-27 20:43:42,213 [Worker-30] INFO  o.e.m.c.i.embedder.EclipseLogger - skip non existing resourceDirectory /home/nico/java-bootcamp-2016/topic5/Mongo/src/main/resources
2016-01-27 20:43:42,215 [Worker-30] INFO  o.e.m.c.i.embedder.EclipseLogger - Using 'UTF-8' encoding to copy filtered resources.
2016-01-27 20:43:42,223 [Worker-30] INFO  o.e.m.c.i.embedder.EclipseLogger - skip non existing resourceDirectory /home/nico/java-bootcamp-2016/topic5/Mongo/src/test/resources
2016-01-27 20:44:33,636 [Worker-37] INFO  o.e.m.c.i.embedder.EclipseLogger - Using 'UTF-8' encoding to copy filtered resources.
2016-01-27 20:44:33,636 [Worker-37] INFO  o.e.m.c.i.embedder.EclipseLogger - skip non existing resourceDirectory /home/nico/java-bootcamp-2016/topic5/Mongo/src/main/resources
2016-01-27 20:44:33,638 [Worker-37] INFO  o.e.m.c.i.embedder.EclipseLogger - Using 'UTF-8' encoding to copy filtered resources.
2016-01-27 20:44:33,638 [Worker-37] INFO  o.e.m.c.i.embedder.EclipseLogger - skip non existing resourceDirectory /home/nico/java-bootcamp-2016/topic5/Mongo/src/test/resources
2016-01-27 20:45:56,887 [Worker-30] INFO  o.e.m.c.i.embedder.EclipseLogger - Using 'UTF-8' encoding to copy filtered resources.
2016-01-27 20:45:56,904 [Worker-30] INFO  o.e.m.c.i.embedder.EclipseLogger - skip non existing resourceDirectory /home/nico/java-bootcamp-2016/topic5/Mongo/src/main/resources
2016-01-27 20:45:56,907 [Worker-30] INFO  o.e.m.c.i.embedder.EclipseLogger - Using 'UTF-8' encoding to copy filtered resources.
2016-01-27 20:45:56,907 [Worker-30] INFO  o.e.m.c.i.embedder.EclipseLogger - skip non existing resourceDirectory /home/nico/java-bootcamp-2016/topic5/Mongo/src/test/resources
2016-01-27 20:46:21,288 [Worker-30] INFO  o.e.m.c.i.embedder.EclipseLogger - Using 'UTF-8' encoding to copy filtered resources.
2016-01-27 20:46:21,288 [Worker-30] INFO  o.e.m.c.i.embedder.EclipseLogger - skip non existing resourceDirectory /home/nico/java-bootcamp-2016/topic5/Mongo/src/main/resources
2016-01-27 20:46:21,290 [Worker-30] INFO  o.e.m.c.i.embedder.EclipseLogger - Using 'UTF-8' encoding to copy filtered resources.
2016-01-27 20:46:21,304 [Worker-30] INFO  o.e.m.c.i.embedder.EclipseLogger - skip non existing resourceDirectory /home/nico/java-bootcamp-2016/topic5/Mongo/src/test/resources
2016-01-27 20:51:05,809 [Worker-34] INFO  o.e.m.c.i.embedder.EclipseLogger - Using 'UTF-8' encoding to copy filtered resources.
2016-01-27 20:51:05,809 [Worker-34] INFO  o.e.m.c.i.embedder.EclipseLogger - skip non existing resourceDirectory /home/nico/java-bootcamp-2016/topic5/Mongo/src/main/resources
2016-01-27 20:51:05,811 [Worker-34] INFO  o.e.m.c.i.embedder.EclipseLogger - Using 'UTF-8' encoding to copy filtered resources.
2016-01-27 20:51:05,811 [Worker-34] INFO  o.e.m.c.i.embedder.EclipseLogger - skip non existing resourceDirectory /home/nico/java-bootcamp-2016/topic5/Mongo/src/test/resources
2016-01-27 20:51:30,674 [Worker-30] INFO  o.e.m.c.i.embedder.EclipseLogger - Using 'UTF-8' encoding to copy filtered resources.
2016-01-27 20:51:30,674 [Worker-30] INFO  o.e.m.c.i.embedder.EclipseLogger - skip non existing resourceDirectory /home/nico/java-bootcamp-2016/topic5/Mongo/src/main/resources
2016-01-27 20:51:30,676 [Worker-30] INFO  o.e.m.c.i.embedder.EclipseLogger - Using 'UTF-8' encoding to copy filtered resources.
2016-01-27 20:51:30,676 [Worker-30] INFO  o.e.m.c.i.embedder.EclipseLogger - skip non existing resourceDirectory /home/nico/java-bootcamp-2016/topic5/Mongo/src/test/resources
2016-01-27 20:53:38,556 [Worker-38] INFO  o.e.m.c.i.embedder.EclipseLogger - Using 'UTF-8' encoding to copy filtered resources.
2016-01-27 20:53:38,556 [Worker-38] INFO  o.e.m.c.i.embedder.EclipseLogger - skip non existing resourceDirectory /home/nico/java-bootcamp-2016/topic5/Mongo/src/main/resources
2016-01-27 20:53:38,558 [Worker-38] INFO  o.e.m.c.i.embedder.EclipseLogger - Using 'UTF-8' encoding to copy filtered resources.
2016-01-27 20:53:38,558 [Worker-38] INFO  o.e.m.c.i.embedder.EclipseLogger - skip non existing resourceDirectory /home/nico/java-bootcamp-2016/topic5/Mongo/src/test/resources
2016-01-27 20:54:38,381 [Worker-35] INFO  o.e.m.c.i.embedder.EclipseLogger - Using 'UTF-8' encoding to copy filtered resources.
2016-01-27 20:54:38,381 [Worker-35] INFO  o.e.m.c.i.embedder.EclipseLogger - skip non existing resourceDirectory /home/nico/java-bootcamp-2016/topic5/Mongo/src/main/resources
2016-01-27 20:54:38,384 [Worker-35] INFO  o.e.m.c.i.embedder.EclipseLogger - Using 'UTF-8' encoding to copy filtered resources.
2016-01-27 20:54:38,384 [Worker-35] INFO  o.e.m.c.i.embedder.EclipseLogger - skip non existing resourceDirectory /home/nico/java-bootcamp-2016/topic5/Mongo/src/test/resources
2016-01-27 20:54:51,961 [Worker-37] INFO  o.e.m.c.i.embedder.EclipseLogger - Using 'UTF-8' encoding to copy filtered resources.
2016-01-27 20:54:51,962 [Worker-37] INFO  o.e.m.c.i.embedder.EclipseLogger - skip non existing resourceDirectory /home/nico/java-bootcamp-2016/topic5/Mongo/src/main/resources
2016-01-27 20:54:51,970 [Worker-37] INFO  o.e.m.c.i.embedder.EclipseLogger - Using 'UTF-8' encoding to copy filtered resources.
2016-01-27 20:54:51,970 [Worker-37] INFO  o.e.m.c.i.embedder.EclipseLogger - skip non existing resourceDirectory /home/nico/java-bootcamp-2016/topic5/Mongo/src/test/resources
2016-01-27 20:58:09,833 [Worker-34] INFO  o.e.m.c.i.embedder.EclipseLogger - Using 'UTF-8' encoding to copy filtered resources.
2016-01-27 20:58:09,833 [Worker-34] INFO  o.e.m.c.i.embedder.EclipseLogger - skip non existing resourceDirectory /home/nico/java-bootcamp-2016/topic5/Mongo/src/main/resources
2016-01-27 20:58:09,836 [Worker-34] INFO  o.e.m.c.i.embedder.EclipseLogger - Using 'UTF-8' encoding to copy filtered resources.
2016-01-27 20:58:09,836 [Worker-34] INFO  o.e.m.c.i.embedder.EclipseLogger - skip non existing resourceDirectory /home/nico/java-bootcamp-2016/topic5/Mongo/src/test/resources
2016-01-27 21:03:09,175 [Worker-34] INFO  o.e.m.c.i.embedder.EclipseLogger - Using 'UTF-8' encoding to copy filtered resources.
2016-01-27 21:03:09,196 [Worker-34] INFO  o.e.m.c.i.embedder.EclipseLogger - skip non existing resourceDirectory /home/nico/java-bootcamp-2016/topic5/Mongo/src/main/resources
2016-01-27 21:03:09,205 [Worker-34] INFO  o.e.m.c.i.embedder.EclipseLogger - Using 'UTF-8' encoding to copy filtered resources.
2016-01-27 21:03:09,206 [Worker-34] INFO  o.e.m.c.i.embedder.EclipseLogger - skip non existing resourceDirectory /home/nico/java-bootcamp-2016/topic5/Mongo/src/test/resources
2016-01-27 21:03:50,615 [Worker-38] INFO  o.e.m.c.i.embedder.EclipseLogger - Using 'UTF-8' encoding to copy filtered resources.
2016-01-27 21:03:50,615 [Worker-38] INFO  o.e.m.c.i.embedder.EclipseLogger - skip non existing resourceDirectory /home/nico/java-bootcamp-2016/topic5/Mongo/src/main/resources
2016-01-27 21:03:50,622 [Worker-38] INFO  o.e.m.c.i.embedder.EclipseLogger - Using 'UTF-8' encoding to copy filtered resources.
2016-01-27 21:03:50,622 [Worker-38] INFO  o.e.m.c.i.embedder.EclipseLogger - skip non existing resourceDirectory /home/nico/java-bootcamp-2016/topic5/Mongo/src/test/resources
2016-01-27 21:05:03,950 [Worker-45] INFO  o.e.m.c.i.embedder.EclipseLogger - Using 'UTF-8' encoding to copy filtered resources.
2016-01-27 21:05:03,951 [Worker-45] INFO  o.e.m.c.i.embedder.EclipseLogger - skip non existing resourceDirectory /home/nico/java-bootcamp-2016/topic5/Mongo/src/main/resources
2016-01-27 21:05:03,952 [Worker-45] INFO  o.e.m.c.i.embedder.EclipseLogger - Using 'UTF-8' encoding to copy filtered resources.
2016-01-27 21:05:03,953 [Worker-45] INFO  o.e.m.c.i.embedder.EclipseLogger - skip non existing resourceDirectory /home/nico/java-bootcamp-2016/topic5/Mongo/src/test/resources
2016-01-27 21:05:18,706 [Worker-44] INFO  o.e.m.c.i.embedder.EclipseLogger - Using 'UTF-8' encoding to copy filtered resources.
2016-01-27 21:05:18,707 [Worker-44] INFO  o.e.m.c.i.embedder.EclipseLogger - skip non existing resourceDirectory /home/nico/java-bootcamp-2016/topic5/Mongo/src/main/resources
2016-01-27 21:05:18,708 [Worker-44] INFO  o.e.m.c.i.embedder.EclipseLogger - Using 'UTF-8' encoding to copy filtered resources.
2016-01-27 21:05:18,709 [Worker-44] INFO  o.e.m.c.i.embedder.EclipseLogger - skip non existing resourceDirectory /home/nico/java-bootcamp-2016/topic5/Mongo/src/test/resources
2016-01-27 21:05:30,125 [Worker-45] INFO  o.e.m.c.i.embedder.EclipseLogger - Using 'UTF-8' encoding to copy filtered resources.
2016-01-27 21:05:30,125 [Worker-45] INFO  o.e.m.c.i.embedder.EclipseLogger - skip non existing resourceDirectory /home/nico/java-bootcamp-2016/topic5/Mongo/src/main/resources
2016-01-27 21:05:30,128 [Worker-45] INFO  o.e.m.c.i.embedder.EclipseLogger - Using 'UTF-8' encoding to copy filtered resources.
2016-01-27 21:05:30,128 [Worker-45] INFO  o.e.m.c.i.embedder.EclipseLogger - skip non existing resourceDirectory /home/nico/java-bootcamp-2016/topic5/Mongo/src/test/resources
2016-01-27 21:06:22,054 [Worker-38] INFO  o.e.m.c.i.embedder.EclipseLogger - Using 'UTF-8' encoding to copy filtered resources.
2016-01-27 21:06:22,054 [Worker-38] INFO  o.e.m.c.i.embedder.EclipseLogger - skip non existing resourceDirectory /home/nico/java-bootcamp-2016/topic5/Mongo/src/main/resources
2016-01-27 21:06:22,056 [Worker-38] INFO  o.e.m.c.i.embedder.EclipseLogger - Using 'UTF-8' encoding to copy filtered resources.
2016-01-27 21:06:22,056 [Worker-38] INFO  o.e.m.c.i.embedder.EclipseLogger - skip non existing resourceDirectory /home/nico/java-bootcamp-2016/topic5/Mongo/src/test/resources
2016-01-27 21:06:48,746 [Worker-44] INFO  o.e.m.c.i.embedder.EclipseLogger - Using 'UTF-8' encoding to copy filtered resources.
2016-01-27 21:06:48,747 [Worker-44] INFO  o.e.m.c.i.embedder.EclipseLogger - skip non existing resourceDirectory /home/nico/java-bootcamp-2016/topic5/Mongo/src/main/resources
2016-01-27 21:06:48,748 [Worker-44] INFO  o.e.m.c.i.embedder.EclipseLogger - Using 'UTF-8' encoding to copy filtered resources.
2016-01-27 21:06:48,749 [Worker-44] INFO  o.e.m.c.i.embedder.EclipseLogger - skip non existing resourceDirectory /home/nico/java-bootcamp-2016/topic5/Mongo/src/test/resources
2016-01-27 21:07:03,239 [Worker-45] INFO  o.e.m.c.i.embedder.EclipseLogger - Using 'UTF-8' encoding to copy filtered resources.
2016-01-27 21:07:03,239 [Worker-45] INFO  o.e.m.c.i.embedder.EclipseLogger - skip non existing resourceDirectory /home/nico/java-bootcamp-2016/topic5/Mongo/src/main/resources
2016-01-27 21:07:03,241 [Worker-45] INFO  o.e.m.c.i.embedder.EclipseLogger - Using 'UTF-8' encoding to copy filtered resources.
2016-01-27 21:07:03,241 [Worker-45] INFO  o.e.m.c.i.embedder.EclipseLogger - skip non existing resourceDirectory /home/nico/java-bootcamp-2016/topic5/Mongo/src/test/resources
2016-01-27 21:09:07,170 [Worker-34] INFO  o.e.m.c.i.embedder.EclipseLogger - Using 'UTF-8' encoding to copy filtered resources.
2016-01-27 21:09:07,170 [Worker-34] INFO  o.e.m.c.i.embedder.EclipseLogger - skip non existing resourceDirectory /home/nico/java-bootcamp-2016/topic5/Mongo/src/main/resources
2016-01-27 21:09:07,171 [Worker-34] INFO  o.e.m.c.i.embedder.EclipseLogger - Using 'UTF-8' encoding to copy filtered resources.
2016-01-27 21:09:07,172 [Worker-34] INFO  o.e.m.c.i.embedder.EclipseLogger - skip non existing resourceDirectory /home/nico/java-bootcamp-2016/topic5/Mongo/src/test/resources
2016-01-27 21:11:41,590 [Worker-46] INFO  o.e.m.c.i.embedder.EclipseLogger - Using 'UTF-8' encoding to copy filtered resources.
2016-01-27 21:11:41,591 [Worker-46] INFO  o.e.m.c.i.embedder.EclipseLogger - skip non existing resourceDirectory /home/nico/java-bootcamp-2016/topic5/Mongo/src/main/resources
2016-01-27 21:11:41,592 [Worker-46] INFO  o.e.m.c.i.embedder.EclipseLogger - Using 'UTF-8' encoding to copy filtered resources.
2016-01-27 21:11:41,592 [Worker-46] INFO  o.e.m.c.i.embedder.EclipseLogger - skip non existing resourceDirectory /home/nico/java-bootcamp-2016/topic5/Mongo/src/test/resources
2016-01-27 21:12:11,147 [Worker-34] INFO  o.e.m.c.i.embedder.EclipseLogger - Using 'UTF-8' encoding to copy filtered resources.
2016-01-27 21:12:11,147 [Worker-34] INFO  o.e.m.c.i.embedder.EclipseLogger - skip non existing resourceDirectory /home/nico/java-bootcamp-2016/topic5/Mongo/src/main/resources
2016-01-27 21:12:11,150 [Worker-34] INFO  o.e.m.c.i.embedder.EclipseLogger - Using 'UTF-8' encoding to copy filtered resources.
2016-01-27 21:12:11,150 [Worker-34] INFO  o.e.m.c.i.embedder.EclipseLogger - skip non existing resourceDirectory /home/nico/java-bootcamp-2016/topic5/Mongo/src/test/resources
2016-01-27 21:12:33,647 [Worker-44] INFO  o.e.m.c.i.embedder.EclipseLogger - Using 'UTF-8' encoding to copy filtered resources.
2016-01-27 21:12:33,647 [Worker-44] INFO  o.e.m.c.i.embedder.EclipseLogger - skip non existing resourceDirectory /home/nico/java-bootcamp-2016/topic5/Mongo/src/main/resources
2016-01-27 21:12:33,649 [Worker-44] INFO  o.e.m.c.i.embedder.EclipseLogger - Using 'UTF-8' encoding to copy filtered resources.
2016-01-27 21:12:33,649 [Worker-44] INFO  o.e.m.c.i.embedder.EclipseLogger - skip non existing resourceDirectory /home/nico/java-bootcamp-2016/topic5/Mongo/src/test/resources
2016-01-27 21:14:13,753 [Worker-34] INFO  o.e.m.c.i.embedder.EclipseLogger - Using 'UTF-8' encoding to copy filtered resources.
2016-01-27 21:14:13,753 [Worker-34] INFO  o.e.m.c.i.embedder.EclipseLogger - skip non existing resourceDirectory /home/nico/java-bootcamp-2016/topic5/Mongo/src/main/resources
2016-01-27 21:14:13,755 [Worker-34] INFO  o.e.m.c.i.embedder.EclipseLogger - Using 'UTF-8' encoding to copy filtered resources.
2016-01-27 21:14:13,755 [Worker-34] INFO  o.e.m.c.i.embedder.EclipseLogger - skip non existing resourceDirectory /home/nico/java-bootcamp-2016/topic5/Mongo/src/test/resources
2016-01-27 21:15:14,141 [Worker-45] INFO  o.e.m.c.i.embedder.EclipseLogger - Using 'UTF-8' encoding to copy filtered resources.
2016-01-27 21:15:14,141 [Worker-45] INFO  o.e.m.c.i.embedder.EclipseLogger - skip non existing resourceDirectory /home/nico/java-bootcamp-2016/topic5/Mongo/src/main/resources
2016-01-27 21:15:14,143 [Worker-45] INFO  o.e.m.c.i.embedder.EclipseLogger - Using 'UTF-8' encoding to copy filtered resources.
2016-01-27 21:15:14,143 [Worker-45] INFO  o.e.m.c.i.embedder.EclipseLogger - skip non existing resourceDirectory /home/nico/java-bootcamp-2016/topic5/Mongo/src/test/resources
2016-01-27 21:15:18,985 [Worker-46] INFO  o.e.m.c.i.embedder.EclipseLogger - Using 'UTF-8' encoding to copy filtered resources.
2016-01-27 21:15:18,986 [Worker-46] INFO  o.e.m.c.i.embedder.EclipseLogger - skip non existing resourceDirectory /home/nico/java-bootcamp-2016/topic5/Mongo/src/main/resources
2016-01-27 21:15:18,988 [Worker-46] INFO  o.e.m.c.i.embedder.EclipseLogger - Using 'UTF-8' encoding to copy filtered resources.
2016-01-27 21:15:18,989 [Worker-46] INFO  o.e.m.c.i.embedder.EclipseLogger - skip non existing resourceDirectory /home/nico/java-bootcamp-2016/topic5/Mongo/src/test/resources
2016-01-27 21:15:31,951 [Worker-47] INFO  o.e.m.c.i.embedder.EclipseLogger - Using 'UTF-8' encoding to copy filtered resources.
2016-01-27 21:15:31,952 [Worker-47] INFO  o.e.m.c.i.embedder.EclipseLogger - skip non existing resourceDirectory /home/nico/java-bootcamp-2016/topic5/Mongo/src/main/resources
2016-01-27 21:15:31,955 [Worker-47] INFO  o.e.m.c.i.embedder.EclipseLogger - Using 'UTF-8' encoding to copy filtered resources.
2016-01-27 21:15:31,955 [Worker-47] INFO  o.e.m.c.i.embedder.EclipseLogger - skip non existing resourceDirectory /home/nico/java-bootcamp-2016/topic5/Mongo/src/test/resources
2016-01-27 21:16:00,883 [Worker-44] INFO  o.e.m.c.i.embedder.EclipseLogger - Using 'UTF-8' encoding to copy filtered resources.
2016-01-27 21:16:00,883 [Worker-44] INFO  o.e.m.c.i.embedder.EclipseLogger - skip non existing resourceDirectory /home/nico/java-bootcamp-2016/topic5/Mongo/src/main/resources
2016-01-27 21:16:00,886 [Worker-44] INFO  o.e.m.c.i.embedder.EclipseLogger - Using 'UTF-8' encoding to copy filtered resources.
2016-01-27 21:16:00,886 [Worker-44] INFO  o.e.m.c.i.embedder.EclipseLogger - skip non existing resourceDirectory /home/nico/java-bootcamp-2016/topic5/Mongo/src/test/resources
2016-01-27 21:16:24,517 [Worker-45] INFO  o.e.m.c.i.embedder.EclipseLogger - Using 'UTF-8' encoding to copy filtered resources.
2016-01-27 21:16:24,517 [Worker-45] INFO  o.e.m.c.i.embedder.EclipseLogger - skip non existing resourceDirectory /home/nico/java-bootcamp-2016/topic5/Mongo/src/main/resources
2016-01-27 21:16:24,519 [Worker-45] INFO  o.e.m.c.i.embedder.EclipseLogger - Using 'UTF-8' encoding to copy filtered resources.
2016-01-27 21:16:24,519 [Worker-45] INFO  o.e.m.c.i.embedder.EclipseLogger - skip non existing resourceDirectory /home/nico/java-bootcamp-2016/topic5/Mongo/src/test/resources
2016-01-27 21:17:38,203 [Worker-44] INFO  o.e.m.c.i.embedder.EclipseLogger - Using 'UTF-8' encoding to copy filtered resources.
2016-01-27 21:17:38,236 [Worker-44] INFO  o.e.m.c.i.embedder.EclipseLogger - skip non existing resourceDirectory /home/nico/java-bootcamp-2016/topic5/Mongo/src/main/resources
2016-01-27 21:17:38,239 [Worker-44] INFO  o.e.m.c.i.embedder.EclipseLogger - Using 'UTF-8' encoding to copy filtered resources.
2016-01-27 21:17:38,239 [Worker-44] INFO  o.e.m.c.i.embedder.EclipseLogger - skip non existing resourceDirectory /home/nico/java-bootcamp-2016/topic5/Mongo/src/test/resources
2016-01-27 21:18:14,262 [Worker-47] INFO  o.e.m.c.i.embedder.EclipseLogger - Using 'UTF-8' encoding to copy filtered resources.
2016-01-27 21:18:14,263 [Worker-47] INFO  o.e.m.c.i.embedder.EclipseLogger - skip non existing resourceDirectory /home/nico/java-bootcamp-2016/topic5/Mongo/src/main/resources
2016-01-27 21:18:14,264 [Worker-47] INFO  o.e.m.c.i.embedder.EclipseLogger - Using 'UTF-8' encoding to copy filtered resources.
2016-01-27 21:18:14,264 [Worker-47] INFO  o.e.m.c.i.embedder.EclipseLogger - skip non existing resourceDirectory /home/nico/java-bootcamp-2016/topic5/Mongo/src/test/resources
2016-01-27 21:20:58,552 [Worker-44] INFO  o.e.m.c.i.embedder.EclipseLogger - Using 'UTF-8' encoding to copy filtered resources.
2016-01-27 21:20:58,552 [Worker-44] INFO  o.e.m.c.i.embedder.EclipseLogger - skip non existing resourceDirectory /home/nico/java-bootcamp-2016/topic5/Mongo/src/main/resources
2016-01-27 21:20:58,553 [Worker-44] INFO  o.e.m.c.i.embedder.EclipseLogger - Using 'UTF-8' encoding to copy filtered resources.
2016-01-27 21:20:58,568 [Worker-44] INFO  o.e.m.c.i.embedder.EclipseLogger - skip non existing resourceDirectory /home/nico/java-bootcamp-2016/topic5/Mongo/src/test/resources
2016-01-27 21:21:02,045 [Worker-47] INFO  o.e.m.c.i.embedder.EclipseLogger - Using 'UTF-8' encoding to copy filtered resources.
2016-01-27 21:21:02,045 [Worker-47] INFO  o.e.m.c.i.embedder.EclipseLogger - skip non existing resourceDirectory /home/nico/java-bootcamp-2016/topic5/Mongo/src/main/resources
2016-01-27 21:21:02,047 [Worker-47] INFO  o.e.m.c.i.embedder.EclipseLogger - Using 'UTF-8' encoding to copy filtered resources.
2016-01-27 21:21:02,047 [Worker-47] INFO  o.e.m.c.i.embedder.EclipseLogger - skip non existing resourceDirectory /home/nico/java-bootcamp-2016/topic5/Mongo/src/test/resources
2016-01-27 21:21:41,137 [Worker-46] INFO  o.e.m.c.i.embedder.EclipseLogger - Using 'UTF-8' encoding to copy filtered resources.
2016-01-27 21:21:41,137 [Worker-46] INFO  o.e.m.c.i.embedder.EclipseLogger - skip non existing resourceDirectory /home/nico/java-bootcamp-2016/topic5/Mongo/src/main/resources
2016-01-27 21:21:41,139 [Worker-46] INFO  o.e.m.c.i.embedder.EclipseLogger - Using 'UTF-8' encoding to copy filtered resources.
2016-01-27 21:21:41,139 [Worker-46] INFO  o.e.m.c.i.embedder.EclipseLogger - skip non existing resourceDirectory /home/nico/java-bootcamp-2016/topic5/Mongo/src/test/resources
2016-01-27 21:25:15,847 [Worker-50] INFO  o.e.m.c.i.embedder.EclipseLogger - Using 'UTF-8' encoding to copy filtered resources.
2016-01-27 21:25:15,847 [Worker-50] INFO  o.e.m.c.i.embedder.EclipseLogger - skip non existing resourceDirectory /home/nico/java-bootcamp-2016/topic5/Mongo/src/main/resources
2016-01-27 21:25:15,848 [Worker-50] INFO  o.e.m.c.i.embedder.EclipseLogger - Using 'UTF-8' encoding to copy filtered resources.
2016-01-27 21:25:15,848 [Worker-50] INFO  o.e.m.c.i.embedder.EclipseLogger - skip non existing resourceDirectory /home/nico/java-bootcamp-2016/topic5/Mongo/src/test/resources
2016-01-27 21:26:22,546 [Worker-48] INFO  o.e.m.c.i.embedder.EclipseLogger - Using 'UTF-8' encoding to copy filtered resources.
2016-01-27 21:26:22,547 [Worker-48] INFO  o.e.m.c.i.embedder.EclipseLogger - skip non existing resourceDirectory /home/nico/java-bootcamp-2016/topic5/Mongo/src/main/resources
2016-01-27 21:26:22,548 [Worker-48] INFO  o.e.m.c.i.embedder.EclipseLogger - Using 'UTF-8' encoding to copy filtered resources.
2016-01-27 21:26:22,548 [Worker-48] INFO  o.e.m.c.i.embedder.EclipseLogger - skip non existing resourceDirectory /home/nico/java-bootcamp-2016/topic5/Mongo/src/test/resources
2016-01-27 21:28:34,092 [Worker-50] INFO  o.e.m.c.i.embedder.EclipseLogger - Using 'UTF-8' encoding to copy filtered resources.
2016-01-27 21:28:34,092 [Worker-50] INFO  o.e.m.c.i.embedder.EclipseLogger - skip non existing resourceDirectory /home/nico/java-bootcamp-2016/topic5/Mongo/src/main/resources
2016-01-27 21:28:34,093 [Worker-50] INFO  o.e.m.c.i.embedder.EclipseLogger - Using 'UTF-8' encoding to copy filtered resources.
2016-01-27 21:28:34,093 [Worker-50] INFO  o.e.m.c.i.embedder.EclipseLogger - skip non existing resourceDirectory /home/nico/java-bootcamp-2016/topic5/Mongo/src/test/resources
2016-01-27 21:29:30,947 [Worker-43] INFO  o.e.m.c.i.embedder.EclipseLogger - Using 'UTF-8' encoding to copy filtered resources.
2016-01-27 21:29:30,978 [Worker-43] INFO  o.e.m.c.i.embedder.EclipseLogger - skip non existing resourceDirectory /home/nico/java-bootcamp-2016/topic5/Mongo/src/main/resources
2016-01-27 21:29:30,980 [Worker-43] INFO  o.e.m.c.i.embedder.EclipseLogger - Using 'UTF-8' encoding to copy filtered resources.
2016-01-27 21:29:30,980 [Worker-43] INFO  o.e.m.c.i.embedder.EclipseLogger - skip non existing resourceDirectory /home/nico/java-bootcamp-2016/topic5/Mongo/src/test/resources
2016-01-27 21:31:00,509 [Worker-43] INFO  o.e.m.c.i.embedder.EclipseLogger - Using 'UTF-8' encoding to copy filtered resources.
2016-01-27 21:31:00,509 [Worker-43] INFO  o.e.m.c.i.embedder.EclipseLogger - skip non existing resourceDirectory /home/nico/java-bootcamp-2016/topic5/Mongo/src/main/resources
2016-01-27 21:31:00,511 [Worker-43] INFO  o.e.m.c.i.embedder.EclipseLogger - Using 'UTF-8' encoding to copy filtered resources.
2016-01-27 21:31:00,511 [Worker-43] INFO  o.e.m.c.i.embedder.EclipseLogger - skip non existing resourceDirectory /home/nico/java-bootcamp-2016/topic5/Mongo/src/test/resources
2016-01-27 21:31:37,256 [Worker-54] INFO  o.e.m.c.i.embedder.EclipseLogger - Using 'UTF-8' encoding to copy filtered resources.
2016-01-27 21:31:37,256 [Worker-54] INFO  o.e.m.c.i.embedder.EclipseLogger - skip non existing resourceDirectory /home/nico/java-bootcamp-2016/topic5/Mongo/src/main/resources
2016-01-27 21:31:37,258 [Worker-54] INFO  o.e.m.c.i.embedder.EclipseLogger - Using 'UTF-8' encoding to copy filtered resources.
2016-01-27 21:31:37,259 [Worker-54] INFO  o.e.m.c.i.embedder.EclipseLogger - skip non existing resourceDirectory /home/nico/java-bootcamp-2016/topic5/Mongo/src/test/resources
2016-01-27 21:31:45,201 [Worker-43] INFO  o.e.m.c.i.embedder.EclipseLogger - Using 'UTF-8' encoding to copy filtered resources.
2016-01-27 21:31:45,201 [Worker-43] INFO  o.e.m.c.i.embedder.EclipseLogger - skip non existing resourceDirectory /home/nico/java-bootcamp-2016/topic5/Mongo/src/main/resources
2016-01-27 21:31:45,203 [Worker-43] INFO  o.e.m.c.i.embedder.EclipseLogger - Using 'UTF-8' encoding to copy filtered resources.
2016-01-27 21:31:45,203 [Worker-43] INFO  o.e.m.c.i.embedder.EclipseLogger - skip non existing resourceDirectory /home/nico/java-bootcamp-2016/topic5/Mongo/src/test/resources
2016-01-27 21:36:48,587 [Worker-34] INFO  o.e.m.c.i.embedder.EclipseLogger - Using 'UTF-8' encoding to copy filtered resources.
2016-01-27 21:36:48,587 [Worker-34] INFO  o.e.m.c.i.embedder.EclipseLogger - skip non existing resourceDirectory /home/nico/java-bootcamp-2016/topic5/Mongo/src/main/resources
2016-01-27 21:36:48,590 [Worker-34] INFO  o.e.m.c.i.embedder.EclipseLogger - Using 'UTF-8' encoding to copy filtered resources.
2016-01-27 21:36:48,590 [Worker-34] INFO  o.e.m.c.i.embedder.EclipseLogger - skip non existing resourceDirectory /home/nico/java-bootcamp-2016/topic5/Mongo/src/test/resources
2016-01-27 21:37:15,329 [Worker-34] INFO  o.e.m.c.i.embedder.EclipseLogger - Using 'UTF-8' encoding to copy filtered resources.
2016-01-27 21:37:15,329 [Worker-34] INFO  o.e.m.c.i.embedder.EclipseLogger - skip non existing resourceDirectory /home/nico/java-bootcamp-2016/topic5/Mongo/src/main/resources
2016-01-27 21:37:15,331 [Worker-34] INFO  o.e.m.c.i.embedder.EclipseLogger - Using 'UTF-8' encoding to copy filtered resources.
2016-01-27 21:37:15,331 [Worker-34] INFO  o.e.m.c.i.embedder.EclipseLogger - skip non existing resourceDirectory /home/nico/java-bootcamp-2016/topic5/Mongo/src/test/resources
2016-01-27 21:41:04,006 [Worker-57] INFO  o.e.m.c.i.embedder.EclipseLogger - Using 'UTF-8' encoding to copy filtered resources.
2016-01-27 21:41:04,043 [Worker-57] INFO  o.e.m.c.i.embedder.EclipseLogger - skip non existing resourceDirectory /home/nico/java-bootcamp-2016/topic5/Mongo/src/main/resources
2016-01-27 21:41:04,044 [Worker-57] INFO  o.e.m.c.i.embedder.EclipseLogger - Using 'UTF-8' encoding to copy filtered resources.
2016-01-27 21:41:04,045 [Worker-57] INFO  o.e.m.c.i.embedder.EclipseLogger - skip non existing resourceDirectory /home/nico/java-bootcamp-2016/topic5/Mongo/src/test/resources
2016-01-27 21:41:31,861 [Worker-57] INFO  o.e.m.c.i.embedder.EclipseLogger - Using 'UTF-8' encoding to copy filtered resources.
2016-01-27 21:41:31,862 [Worker-57] INFO  o.e.m.c.i.embedder.EclipseLogger - skip non existing resourceDirectory /home/nico/java-bootcamp-2016/topic5/Mongo/src/main/resources
2016-01-27 21:41:31,864 [Worker-57] INFO  o.e.m.c.i.embedder.EclipseLogger - Using 'UTF-8' encoding to copy filtered resources.
2016-01-27 21:41:31,865 [Worker-57] INFO  o.e.m.c.i.embedder.EclipseLogger - skip non existing resourceDirectory /home/nico/java-bootcamp-2016/topic5/Mongo/src/test/resources
2016-01-27 21:43:02,209 [Worker-56] INFO  o.e.m.c.i.embedder.EclipseLogger - Using 'UTF-8' encoding to copy filtered resources.
2016-01-27 21:43:02,251 [Worker-56] INFO  o.e.m.c.i.embedder.EclipseLogger - skip non existing resourceDirectory /home/nico/java-bootcamp-2016/topic5/Mongo/src/main/resources
2016-01-27 21:43:02,253 [Worker-56] INFO  o.e.m.c.i.embedder.EclipseLogger - Using 'UTF-8' encoding to copy filtered resources.
2016-01-27 21:43:02,253 [Worker-56] INFO  o.e.m.c.i.embedder.EclipseLogger - skip non existing resourceDirectory /home/nico/java-bootcamp-2016/topic5/Mongo/src/test/resources
2016-01-27 21:43:43,268 [Worker-58] INFO  o.e.m.c.i.embedder.EclipseLogger - Using 'UTF-8' encoding to copy filtered resources.
2016-01-27 21:43:43,268 [Worker-58] INFO  o.e.m.c.i.embedder.EclipseLogger - skip non existing resourceDirectory /home/nico/java-bootcamp-2016/topic5/Mongo/src/main/resources
2016-01-27 21:43:43,270 [Worker-58] INFO  o.e.m.c.i.embedder.EclipseLogger - Using 'UTF-8' encoding to copy filtered resources.
2016-01-27 21:43:43,270 [Worker-58] INFO  o.e.m.c.i.embedder.EclipseLogger - skip non existing resourceDirectory /home/nico/java-bootcamp-2016/topic5/Mongo/src/test/resources
2016-01-27 21:44:14,049 [Worker-59] INFO  o.e.m.c.i.embedder.EclipseLogger - Using 'UTF-8' encoding to copy filtered resources.
2016-01-27 21:44:14,049 [Worker-59] INFO  o.e.m.c.i.embedder.EclipseLogger - skip non existing resourceDirectory /home/nico/java-bootcamp-2016/topic5/Mongo/src/main/resources
2016-01-27 21:44:14,051 [Worker-59] INFO  o.e.m.c.i.embedder.EclipseLogger - Using 'UTF-8' encoding to copy filtered resources.
2016-01-27 21:44:14,051 [Worker-59] INFO  o.e.m.c.i.embedder.EclipseLogger - skip non existing resourceDirectory /home/nico/java-bootcamp-2016/topic5/Mongo/src/test/resources
2016-01-27 21:51:38,579 [Worker-60] INFO  o.e.m.c.i.embedder.EclipseLogger - Using 'UTF-8' encoding to copy filtered resources.
2016-01-27 21:51:38,608 [Worker-60] INFO  o.e.m.c.i.embedder.EclipseLogger - skip non existing resourceDirectory /home/nico/java-bootcamp-2016/topic5/Mongo/src/main/resources
2016-01-27 21:51:38,624 [Worker-60] INFO  o.e.m.c.i.embedder.EclipseLogger - Using 'UTF-8' encoding to copy filtered resources.
2016-01-27 21:51:38,624 [Worker-60] INFO  o.e.m.c.i.embedder.EclipseLogger - skip non existing resourceDirectory /home/nico/java-bootcamp-2016/topic5/Mongo/src/test/resources
2016-01-27 22:41:32,558 [Worker-72] INFO  o.e.m.c.i.embedder.EclipseLogger - Using 'UTF-8' encoding to copy filtered resources.
2016-01-27 22:41:32,590 [Worker-72] INFO  o.e.m.c.i.embedder.EclipseLogger - skip non existing resourceDirectory /home/nico/java-bootcamp-2016/topic5/Mongo/src/main/resources
2016-01-27 22:41:32,592 [Worker-72] INFO  o.e.m.c.i.embedder.EclipseLogger - Using 'UTF-8' encoding to copy filtered resources.
2016-01-27 22:41:32,593 [Worker-72] INFO  o.e.m.c.i.embedder.EclipseLogger - skip non existing resourceDirectory /home/nico/java-bootcamp-2016/topic5/Mongo/src/test/resources
2016-01-27 22:41:40,942 [Worker-75] INFO  o.e.m.c.i.embedder.EclipseLogger - Using 'UTF-8' encoding to copy filtered resources.
2016-01-27 22:41:40,942 [Worker-75] INFO  o.e.m.c.i.embedder.EclipseLogger - skip non existing resourceDirectory /home/nico/java-bootcamp-2016/topic5/Mongo/src/main/resources
2016-01-27 22:41:40,945 [Worker-75] INFO  o.e.m.c.i.embedder.EclipseLogger - Using 'UTF-8' encoding to copy filtered resources.
2016-01-27 22:41:40,945 [Worker-75] INFO  o.e.m.c.i.embedder.EclipseLogger - skip non existing resourceDirectory /home/nico/java-bootcamp-2016/topic5/Mongo/src/test/resources
2016-01-27 22:47:37,011 [Worker-77] INFO  o.e.m.c.i.embedder.EclipseLogger - Using 'UTF-8' encoding to copy filtered resources.
2016-01-27 22:47:37,012 [Worker-77] INFO  o.e.m.c.i.embedder.EclipseLogger - skip non existing resourceDirectory /home/nico/java-bootcamp-2016/topic5/Mongo/src/main/resources
2016-01-27 22:47:37,014 [Worker-77] INFO  o.e.m.c.i.embedder.EclipseLogger - Using 'UTF-8' encoding to copy filtered resources.
2016-01-27 22:47:37,015 [Worker-77] INFO  o.e.m.c.i.embedder.EclipseLogger - skip non existing resourceDirectory /home/nico/java-bootcamp-2016/topic5/Mongo/src/test/resources
2016-01-27 22:49:22,171 [Worker-77] INFO  o.e.m.c.i.embedder.EclipseLogger - Using 'UTF-8' encoding to copy filtered resources.
2016-01-27 22:49:22,184 [Worker-77] INFO  o.e.m.c.i.embedder.EclipseLogger - skip non existing resourceDirectory /home/nico/java-bootcamp-2016/topic5/Mongo/src/main/resources
2016-01-27 22:49:22,186 [Worker-77] INFO  o.e.m.c.i.embedder.EclipseLogger - Using 'UTF-8' encoding to copy filtered resources.
2016-01-27 22:49:22,186 [Worker-77] INFO  o.e.m.c.i.embedder.EclipseLogger - skip non existing resourceDirectory /home/nico/java-bootcamp-2016/topic5/Mongo/src/test/resources
2016-01-27 22:50:31,454 [Worker-79] INFO  o.e.m.c.i.embedder.EclipseLogger - Using 'UTF-8' encoding to copy filtered resources.
2016-01-27 22:50:31,454 [Worker-79] INFO  o.e.m.c.i.embedder.EclipseLogger - skip non existing resourceDirectory /home/nico/java-bootcamp-2016/topic5/Mongo/src/main/resources
2016-01-27 22:50:31,456 [Worker-79] INFO  o.e.m.c.i.embedder.EclipseLogger - Using 'UTF-8' encoding to copy filtered resources.
2016-01-27 22:50:31,456 [Worker-79] INFO  o.e.m.c.i.embedder.EclipseLogger - skip non existing resourceDirectory /home/nico/java-bootcamp-2016/topic5/Mongo/src/test/resources
2016-01-27 22:50:58,595 [Worker-79] INFO  o.e.m.c.i.embedder.EclipseLogger - Using 'UTF-8' encoding to copy filtered resources.
2016-01-27 22:50:58,595 [Worker-79] INFO  o.e.m.c.i.embedder.EclipseLogger - skip non existing resourceDirectory /home/nico/java-bootcamp-2016/topic5/Mongo/src/main/resources
2016-01-27 22:50:58,597 [Worker-79] INFO  o.e.m.c.i.embedder.EclipseLogger - Using 'UTF-8' encoding to copy filtered resources.
2016-01-27 22:50:58,597 [Worker-79] INFO  o.e.m.c.i.embedder.EclipseLogger - skip non existing resourceDirectory /home/nico/java-bootcamp-2016/topic5/Mongo/src/test/resources
2016-01-27 22:52:59,652 [Worker-78] INFO  o.e.m.c.i.embedder.EclipseLogger - Using 'UTF-8' encoding to copy filtered resources.
2016-01-27 22:52:59,652 [Worker-78] INFO  o.e.m.c.i.embedder.EclipseLogger - skip non existing resourceDirectory /home/nico/java-bootcamp-2016/topic5/Mongo/src/main/resources
2016-01-27 22:52:59,653 [Worker-78] INFO  o.e.m.c.i.embedder.EclipseLogger - Using 'UTF-8' encoding to copy filtered resources.
2016-01-27 22:52:59,653 [Worker-78] INFO  o.e.m.c.i.embedder.EclipseLogger - skip non existing resourceDirectory /home/nico/java-bootcamp-2016/topic5/Mongo/src/test/resources
2016-01-27 22:55:13,148 [Worker-78] INFO  o.e.m.c.i.embedder.EclipseLogger - Using 'UTF-8' encoding to copy filtered resources.
2016-01-27 22:55:13,149 [Worker-78] INFO  o.e.m.c.i.embedder.EclipseLogger - skip non existing resourceDirectory /home/nico/java-bootcamp-2016/topic5/Mongo/src/main/resources
2016-01-27 22:55:13,222 [Worker-78] INFO  o.e.m.c.i.embedder.EclipseLogger - Using 'UTF-8' encoding to copy filtered resources.
2016-01-27 22:55:13,223 [Worker-78] INFO  o.e.m.c.i.embedder.EclipseLogger - skip non existing resourceDirectory /home/nico/java-bootcamp-2016/topic5/Mongo/src/test/resources
2016-01-27 22:56:22,246 [Worker-78] INFO  o.e.m.c.i.embedder.EclipseLogger - Using 'UTF-8' encoding to copy filtered resources.
2016-01-27 22:56:22,247 [Worker-78] INFO  o.e.m.c.i.embedder.EclipseLogger - skip non existing resourceDirectory /home/nico/java-bootcamp-2016/topic5/Mongo/src/main/resources
2016-01-27 22:56:22,248 [Worker-78] INFO  o.e.m.c.i.embedder.EclipseLogger - Using 'UTF-8' encoding to copy filtered resources.
2016-01-27 22:56:22,248 [Worker-78] INFO  o.e.m.c.i.embedder.EclipseLogger - skip non existing resourceDirectory /home/nico/java-bootcamp-2016/topic5/Mongo/src/test/resources
2016-01-27 22:57:25,995 [Worker-76] INFO  o.e.m.c.i.embedder.EclipseLogger - Using 'UTF-8' encoding to copy filtered resources.
2016-01-27 22:57:25,995 [Worker-76] INFO  o.e.m.c.i.embedder.EclipseLogger - skip non existing resourceDirectory /home/nico/java-bootcamp-2016/topic5/Mongo/src/main/resources
2016-01-27 22:57:25,997 [Worker-76] INFO  o.e.m.c.i.embedder.EclipseLogger - Using 'UTF-8' encoding to copy filtered resources.
2016-01-27 22:57:26,029 [Worker-76] INFO  o.e.m.c.i.embedder.EclipseLogger - skip non existing resourceDirectory /home/nico/java-bootcamp-2016/topic5/Mongo/src/test/resources
2016-01-27 22:57:41,481 [Worker-79] INFO  o.e.m.c.i.embedder.EclipseLogger - Using 'UTF-8' encoding to copy filtered resources.
2016-01-27 22:57:41,481 [Worker-79] INFO  o.e.m.c.i.embedder.EclipseLogger - skip non existing resourceDirectory /home/nico/java-bootcamp-2016/topic5/Mongo/src/main/resources
2016-01-27 22:57:41,485 [Worker-79] INFO  o.e.m.c.i.embedder.EclipseLogger - Using 'UTF-8' encoding to copy filtered resources.
2016-01-27 22:57:41,486 [Worker-79] INFO  o.e.m.c.i.embedder.EclipseLogger - skip non existing resourceDirectory /home/nico/java-bootcamp-2016/topic5/Mongo/src/test/resources
2016-01-27 22:58:05,405 [Worker-76] INFO  o.e.m.c.i.embedder.EclipseLogger - Using 'UTF-8' encoding to copy filtered resources.
2016-01-27 22:58:05,405 [Worker-76] INFO  o.e.m.c.i.embedder.EclipseLogger - skip non existing resourceDirectory /home/nico/java-bootcamp-2016/topic5/Mongo/src/main/resources
2016-01-27 22:58:05,407 [Worker-76] INFO  o.e.m.c.i.embedder.EclipseLogger - Using 'UTF-8' encoding to copy filtered resources.
2016-01-27 22:58:05,408 [Worker-76] INFO  o.e.m.c.i.embedder.EclipseLogger - skip non existing resourceDirectory /home/nico/java-bootcamp-2016/topic5/Mongo/src/test/resources
2016-01-27 23:01:18,022 [Worker-72] INFO  o.e.m.c.i.embedder.EclipseLogger - Using 'UTF-8' encoding to copy filtered resources.
2016-01-27 23:01:18,023 [Worker-72] INFO  o.e.m.c.i.embedder.EclipseLogger - skip non existing resourceDirectory /home/nico/java-bootcamp-2016/topic5/Mongo/src/main/resources
2016-01-27 23:01:18,024 [Worker-72] INFO  o.e.m.c.i.embedder.EclipseLogger - Using 'UTF-8' encoding to copy filtered resources.
2016-01-27 23:01:18,025 [Worker-72] INFO  o.e.m.c.i.embedder.EclipseLogger - skip non existing resourceDirectory /home/nico/java-bootcamp-2016/topic5/Mongo/src/test/resources
2016-01-27 23:01:26,389 [Worker-77] INFO  o.e.m.c.i.embedder.EclipseLogger - Using 'UTF-8' encoding to copy filtered resources.
2016-01-27 23:01:26,389 [Worker-77] INFO  o.e.m.c.i.embedder.EclipseLogger - skip non existing resourceDirectory /home/nico/java-bootcamp-2016/topic5/Mongo/src/main/resources
2016-01-27 23:01:26,395 [Worker-77] INFO  o.e.m.c.i.embedder.EclipseLogger - Using 'UTF-8' encoding to copy filtered resources.
2016-01-27 23:01:26,395 [Worker-77] INFO  o.e.m.c.i.embedder.EclipseLogger - skip non existing resourceDirectory /home/nico/java-bootcamp-2016/topic5/Mongo/src/test/resources
2016-01-27 23:16:57,794 [Worker-76] INFO  o.e.m.c.i.embedder.EclipseLogger - Using 'UTF-8' encoding to copy filtered resources.
2016-01-27 23:16:57,795 [Worker-76] INFO  o.e.m.c.i.embedder.EclipseLogger - skip non existing resourceDirectory /home/nico/java-bootcamp-2016/topic5/Mongo/src/main/resources
2016-01-27 23:16:57,896 [Worker-76] INFO  o.e.m.c.i.embedder.EclipseLogger - Using 'UTF-8' encoding to copy filtered resources.
2016-01-27 23:16:57,896 [Worker-76] INFO  o.e.m.c.i.embedder.EclipseLogger - skip non existing resourceDirectory /home/nico/java-bootcamp-2016/topic5/Mongo/src/test/resources
2016-01-27 23:18:24,849 [Worker-79] INFO  o.e.m.c.i.embedder.EclipseLogger - Using 'UTF-8' encoding to copy filtered resources.
2016-01-27 23:18:24,912 [Worker-79] INFO  o.e.m.c.i.embedder.EclipseLogger - skip non existing resourceDirectory /home/nico/java-bootcamp-2016/topic5/Mongo/src/main/resources
2016-01-27 23:18:24,963 [Worker-79] INFO  o.e.m.c.i.embedder.EclipseLogger - Using 'UTF-8' encoding to copy filtered resources.
2016-01-27 23:18:24,981 [Worker-79] INFO  o.e.m.c.i.embedder.EclipseLogger - skip non existing resourceDirectory /home/nico/java-bootcamp-2016/topic5/Mongo/src/test/resources
2016-01-27 23:19:33,281 [Worker-83] INFO  o.e.m.c.i.embedder.EclipseLogger - Using 'UTF-8' encoding to copy filtered resources.
2016-01-27 23:19:33,296 [Worker-83] INFO  o.e.m.c.i.embedder.EclipseLogger - skip non existing resourceDirectory /home/nico/java-bootcamp-2016/topic5/Mongo/src/main/resources
2016-01-27 23:19:33,359 [Worker-83] INFO  o.e.m.c.i.embedder.EclipseLogger - Using 'UTF-8' encoding to copy filtered resources.
2016-01-27 23:19:33,359 [Worker-83] INFO  o.e.m.c.i.embedder.EclipseLogger - skip non existing resourceDirectory /home/nico/java-bootcamp-2016/topic5/Mongo/src/test/resources
2016-01-27 23:21:50,907 [Worker-76] INFO  o.e.m.c.i.embedder.EclipseLogger - Using 'UTF-8' encoding to copy filtered resources.
2016-01-27 23:21:50,923 [Worker-76] INFO  o.e.m.c.i.embedder.EclipseLogger - skip non existing resourceDirectory /home/nico/java-bootcamp-2016/topic5/Mongo/src/main/resources
2016-01-27 23:21:50,925 [Worker-76] INFO  o.e.m.c.i.embedder.EclipseLogger - Using 'UTF-8' encoding to copy filtered resources.
2016-01-27 23:21:50,925 [Worker-76] INFO  o.e.m.c.i.embedder.EclipseLogger - skip non existing resourceDirectory /home/nico/java-bootcamp-2016/topic5/Mongo/src/test/resources
2016-01-27 23:23:36,344 [Worker-76] INFO  o.e.m.c.i.embedder.EclipseLogger - Using 'UTF-8' encoding to copy filtered resources.
2016-01-27 23:23:36,345 [Worker-76] INFO  o.e.m.c.i.embedder.EclipseLogger - skip non existing resourceDirectory /home/nico/java-bootcamp-2016/topic5/Mongo/src/main/resources
2016-01-27 23:23:36,346 [Worker-76] INFO  o.e.m.c.i.embedder.EclipseLogger - Using 'UTF-8' encoding to copy filtered resources.
2016-01-27 23:23:36,346 [Worker-76] INFO  o.e.m.c.i.embedder.EclipseLogger - skip non existing resourceDirectory /home/nico/java-bootcamp-2016/topic5/Mongo/src/test/resources
2016-01-27 23:24:31,271 [Worker-81] INFO  o.e.m.c.i.embedder.EclipseLogger - Using 'UTF-8' encoding to copy filtered resources.
2016-01-27 23:24:31,271 [Worker-81] INFO  o.e.m.c.i.embedder.EclipseLogger - skip non existing resourceDirectory /home/nico/java-bootcamp-2016/topic5/Mongo/src/main/resources
2016-01-27 23:24:31,274 [Worker-81] INFO  o.e.m.c.i.embedder.EclipseLogger - Using 'UTF-8' encoding to copy filtered resources.
2016-01-27 23:24:31,274 [Worker-81] INFO  o.e.m.c.i.embedder.EclipseLogger - skip non existing resourceDirectory /home/nico/java-bootcamp-2016/topic5/Mongo/src/test/resources
2016-01-27 23:39:34,917 [Worker-85] INFO  o.e.m.c.i.embedder.EclipseLogger - Using 'UTF-8' encoding to copy filtered resources.
2016-01-27 23:39:34,917 [Worker-85] INFO  o.e.m.c.i.embedder.EclipseLogger - skip non existing resourceDirectory /home/nico/java-bootcamp-2016/topic5/Mongo/src/main/resources
2016-01-27 23:39:34,919 [Worker-85] INFO  o.e.m.c.i.embedder.EclipseLogger - Using 'UTF-8' encoding to copy filtered resources.
2016-01-27 23:39:34,919 [Worker-85] INFO  o.e.m.c.i.embedder.EclipseLogger - skip non existing resourceDirectory /home/nico/java-bootcamp-2016/topic5/Mongo/src/test/resources
2016-01-28 00:46:29,163 [Worker-87] INFO  o.e.m.c.i.embedder.EclipseLogger - Using 'UTF-8' encoding to copy filtered resources.
2016-01-28 00:46:29,163 [Worker-87] INFO  o.e.m.c.i.embedder.EclipseLogger - skip non existing resourceDirectory /home/nico/java-bootcamp-2016/topic5/Mongo/src/main/resources
2016-01-28 00:46:29,165 [Worker-87] INFO  o.e.m.c.i.embedder.EclipseLogger - Using 'UTF-8' encoding to copy filtered resources.
2016-01-28 00:46:29,165 [Worker-87] INFO  o.e.m.c.i.embedder.EclipseLogger - skip non existing resourceDirectory /home/nico/java-bootcamp-2016/topic5/Mongo/src/test/resources
2016-01-28 00:47:20,876 [Worker-86] INFO  o.e.m.c.i.embedder.EclipseLogger - Using 'UTF-8' encoding to copy filtered resources.
2016-01-28 00:47:20,876 [Worker-86] INFO  o.e.m.c.i.embedder.EclipseLogger - skip non existing resourceDirectory /home/nico/java-bootcamp-2016/topic5/Mongo/src/main/resources
2016-01-28 00:47:20,878 [Worker-86] INFO  o.e.m.c.i.embedder.EclipseLogger - Using 'UTF-8' encoding to copy filtered resources.
2016-01-28 00:47:20,878 [Worker-86] INFO  o.e.m.c.i.embedder.EclipseLogger - skip non existing resourceDirectory /home/nico/java-bootcamp-2016/topic5/Mongo/src/test/resources
2016-01-28 00:48:44,066 [Worker-85] INFO  o.e.m.c.i.embedder.EclipseLogger - Using 'UTF-8' encoding to copy filtered resources.
2016-01-28 00:48:44,094 [Worker-85] INFO  o.e.m.c.i.embedder.EclipseLogger - skip non existing resourceDirectory /home/nico/java-bootcamp-2016/topic5/Mongo/src/main/resources
2016-01-28 00:48:44,098 [Worker-85] INFO  o.e.m.c.i.embedder.EclipseLogger - Using 'UTF-8' encoding to copy filtered resources.
2016-01-28 00:48:44,098 [Worker-85] INFO  o.e.m.c.i.embedder.EclipseLogger - skip non existing resourceDirectory /home/nico/java-bootcamp-2016/topic5/Mongo/src/test/resources
2016-01-28 00:48:56,304 [Worker-89] INFO  o.e.m.c.i.embedder.EclipseLogger - Using 'UTF-8' encoding to copy filtered resources.
2016-01-28 00:48:56,304 [Worker-89] INFO  o.e.m.c.i.embedder.EclipseLogger - skip non existing resourceDirectory /home/nico/java-bootcamp-2016/topic5/Mongo/src/main/resources
2016-01-28 00:48:56,306 [Worker-89] INFO  o.e.m.c.i.embedder.EclipseLogger - Using 'UTF-8' encoding to copy filtered resources.
2016-01-28 00:48:56,306 [Worker-89] INFO  o.e.m.c.i.embedder.EclipseLogger - skip non existing resourceDirectory /home/nico/java-bootcamp-2016/topic5/Mongo/src/test/resources
2016-01-28 00:49:38,397 [Worker-86] INFO  o.e.m.c.i.embedder.EclipseLogger - Using 'UTF-8' encoding to copy filtered resources.
2016-01-28 00:49:38,397 [Worker-86] INFO  o.e.m.c.i.embedder.EclipseLogger - skip non existing resourceDirectory /home/nico/java-bootcamp-2016/topic5/Mongo/src/main/resources
2016-01-28 00:49:38,398 [Worker-86] INFO  o.e.m.c.i.embedder.EclipseLogger - Using 'UTF-8' encoding to copy filtered resources.
2016-01-28 00:49:38,398 [Worker-86] INFO  o.e.m.c.i.embedder.EclipseLogger - skip non existing resourceDirectory /home/nico/java-bootcamp-2016/topic5/Mongo/src/test/resources
2016-01-28 00:50:14,831 [Worker-89] INFO  o.e.m.c.i.embedder.EclipseLogger - Using 'UTF-8' encoding to copy filtered resources.
2016-01-28 00:50:14,831 [Worker-89] INFO  o.e.m.c.i.embedder.EclipseLogger - skip non existing resourceDirectory /home/nico/java-bootcamp-2016/topic5/Mongo/src/main/resources
2016-01-28 00:50:14,845 [Worker-89] INFO  o.e.m.c.i.embedder.EclipseLogger - Using 'UTF-8' encoding to copy filtered resources.
2016-01-28 00:50:14,846 [Worker-89] INFO  o.e.m.c.i.embedder.EclipseLogger - skip non existing resourceDirectory /home/nico/java-bootcamp-2016/topic5/Mongo/src/test/resources
2016-01-28 00:53:28,958 [Worker-89] INFO  o.e.m.c.i.embedder.EclipseLogger - Using 'UTF-8' encoding to copy filtered resources.
2016-01-28 00:53:28,958 [Worker-89] INFO  o.e.m.c.i.embedder.EclipseLogger - skip non existing resourceDirectory /home/nico/java-bootcamp-2016/topic5/Mongo/src/main/resources
2016-01-28 00:53:28,960 [Worker-89] INFO  o.e.m.c.i.embedder.EclipseLogger - Using 'UTF-8' encoding to copy filtered resources.
2016-01-28 00:53:28,961 [Worker-89] INFO  o.e.m.c.i.embedder.EclipseLogger - skip non existing resourceDirectory /home/nico/java-bootcamp-2016/topic5/Mongo/src/test/resources
2016-01-28 00:54:00,805 [Worker-86] INFO  o.e.m.c.i.embedder.EclipseLogger - Using 'UTF-8' encoding to copy filtered resources.
2016-01-28 00:54:00,805 [Worker-86] INFO  o.e.m.c.i.embedder.EclipseLogger - skip non existing resourceDirectory /home/nico/java-bootcamp-2016/topic5/Mongo/src/main/resources
2016-01-28 00:54:00,809 [Worker-86] INFO  o.e.m.c.i.embedder.EclipseLogger - Using 'UTF-8' encoding to copy filtered resources.
2016-01-28 00:54:00,809 [Worker-86] INFO  o.e.m.c.i.embedder.EclipseLogger - skip non existing resourceDirectory /home/nico/java-bootcamp-2016/topic5/Mongo/src/test/resources
2016-01-28 00:54:22,396 [Worker-88] INFO  o.e.m.c.i.embedder.EclipseLogger - Using 'UTF-8' encoding to copy filtered resources.
2016-01-28 00:54:22,396 [Worker-88] INFO  o.e.m.c.i.embedder.EclipseLogger - skip non existing resourceDirectory /home/nico/java-bootcamp-2016/topic5/Mongo/src/main/resources
2016-01-28 00:54:22,398 [Worker-88] INFO  o.e.m.c.i.embedder.EclipseLogger - Using 'UTF-8' encoding to copy filtered resources.
2016-01-28 00:54:22,398 [Worker-88] INFO  o.e.m.c.i.embedder.EclipseLogger - skip non existing resourceDirectory /home/nico/java-bootcamp-2016/topic5/Mongo/src/test/resources
2016-01-28 00:55:03,984 [Worker-85] INFO  o.e.m.c.i.embedder.EclipseLogger - Using 'UTF-8' encoding to copy filtered resources.
2016-01-28 00:55:03,984 [Worker-85] INFO  o.e.m.c.i.embedder.EclipseLogger - skip non existing resourceDirectory /home/nico/java-bootcamp-2016/topic5/Mongo/src/main/resources
2016-01-28 00:55:03,986 [Worker-85] INFO  o.e.m.c.i.embedder.EclipseLogger - Using 'UTF-8' encoding to copy filtered resources.
2016-01-28 00:55:03,986 [Worker-85] INFO  o.e.m.c.i.embedder.EclipseLogger - skip non existing resourceDirectory /home/nico/java-bootcamp-2016/topic5/Mongo/src/test/resources
2016-01-28 00:55:35,224 [Worker-85] INFO  o.e.m.c.i.embedder.EclipseLogger - Using 'UTF-8' encoding to copy filtered resources.
2016-01-28 00:55:35,225 [Worker-85] INFO  o.e.m.c.i.embedder.EclipseLogger - skip non existing resourceDirectory /home/nico/java-bootcamp-2016/topic5/Mongo/src/main/resources
2016-01-28 00:55:35,226 [Worker-85] INFO  o.e.m.c.i.embedder.EclipseLogger - Using 'UTF-8' encoding to copy filtered resources.
2016-01-28 00:55:35,226 [Worker-85] INFO  o.e.m.c.i.embedder.EclipseLogger - skip non existing resourceDirectory /home/nico/java-bootcamp-2016/topic5/Mongo/src/test/resources
2016-01-28 00:56:56,591 [Worker-85] INFO  o.e.m.c.i.embedder.EclipseLogger - Using 'UTF-8' encoding to copy filtered resources.
2016-01-28 00:56:56,592 [Worker-85] INFO  o.e.m.c.i.embedder.EclipseLogger - skip non existing resourceDirectory /home/nico/java-bootcamp-2016/topic5/Mongo/src/main/resources
2016-01-28 00:56:56,593 [Worker-85] INFO  o.e.m.c.i.embedder.EclipseLogger - Using 'UTF-8' encoding to copy filtered resources.
2016-01-28 00:56:56,593 [Worker-85] INFO  o.e.m.c.i.embedder.EclipseLogger - skip non existing resourceDirectory /home/nico/java-bootcamp-2016/topic5/Mongo/src/test/resources
2016-01-28 00:57:03,240 [Worker-87] INFO  o.e.m.c.i.embedder.EclipseLogger - Using 'UTF-8' encoding to copy filtered resources.
2016-01-28 00:57:03,240 [Worker-87] INFO  o.e.m.c.i.embedder.EclipseLogger - skip non existing resourceDirectory /home/nico/java-bootcamp-2016/topic5/Mongo/src/main/resources
2016-01-28 00:57:03,241 [Worker-87] INFO  o.e.m.c.i.embedder.EclipseLogger - Using 'UTF-8' encoding to copy filtered resources.
2016-01-28 00:57:03,241 [Worker-87] INFO  o.e.m.c.i.embedder.EclipseLogger - skip non existing resourceDirectory /home/nico/java-bootcamp-2016/topic5/Mongo/src/test/resources
2016-01-28 00:58:47,244 [Worker-87] INFO  o.e.m.c.i.embedder.EclipseLogger - Using 'UTF-8' encoding to copy filtered resources.
2016-01-28 00:58:47,244 [Worker-87] INFO  o.e.m.c.i.embedder.EclipseLogger - skip non existing resourceDirectory /home/nico/java-bootcamp-2016/topic5/Mongo/src/main/resources
2016-01-28 00:58:47,246 [Worker-87] INFO  o.e.m.c.i.embedder.EclipseLogger - Using 'UTF-8' encoding to copy filtered resources.
2016-01-28 00:58:47,246 [Worker-87] INFO  o.e.m.c.i.embedder.EclipseLogger - skip non existing resourceDirectory /home/nico/java-bootcamp-2016/topic5/Mongo/src/test/resources
2016-01-28 01:00:07,645 [Worker-88] INFO  o.e.m.c.i.embedder.EclipseLogger - Using 'UTF-8' encoding to copy filtered resources.
2016-01-28 01:00:07,646 [Worker-88] INFO  o.e.m.c.i.embedder.EclipseLogger - skip non existing resourceDirectory /home/nico/java-bootcamp-2016/topic5/Mongo/src/main/resources
2016-01-28 01:00:07,647 [Worker-88] INFO  o.e.m.c.i.embedder.EclipseLogger - Using 'UTF-8' encoding to copy filtered resources.
2016-01-28 01:00:07,647 [Worker-88] INFO  o.e.m.c.i.embedder.EclipseLogger - skip non existing resourceDirectory /home/nico/java-bootcamp-2016/topic5/Mongo/src/test/resources
2016-01-28 01:05:04,688 [Worker-90] INFO  o.e.m.c.i.embedder.EclipseLogger - Using 'UTF-8' encoding to copy filtered resources.
2016-01-28 01:05:04,711 [Worker-90] INFO  o.e.m.c.i.embedder.EclipseLogger - skip non existing resourceDirectory /home/nico/java-bootcamp-2016/topic5/Mongo/src/main/resources
2016-01-28 01:05:04,714 [Worker-90] INFO  o.e.m.c.i.embedder.EclipseLogger - Using 'UTF-8' encoding to copy filtered resources.
2016-01-28 01:05:04,730 [Worker-90] INFO  o.e.m.c.i.embedder.EclipseLogger - skip non existing resourceDirectory /home/nico/java-bootcamp-2016/topic5/Mongo/src/test/resources
2016-01-28 01:07:52,125 [Worker-85] INFO  o.e.m.c.i.embedder.EclipseLogger - Using 'UTF-8' encoding to copy filtered resources.
2016-01-28 01:07:52,125 [Worker-85] INFO  o.e.m.c.i.embedder.EclipseLogger - skip non existing resourceDirectory /home/nico/java-bootcamp-2016/topic5/Mongo/src/main/resources
2016-01-28 01:07:52,127 [Worker-85] INFO  o.e.m.c.i.embedder.EclipseLogger - Using 'UTF-8' encoding to copy filtered resources.
2016-01-28 01:07:52,127 [Worker-85] INFO  o.e.m.c.i.embedder.EclipseLogger - skip non existing resourceDirectory /home/nico/java-bootcamp-2016/topic5/Mongo/src/test/resources
2016-01-28 01:09:30,321 [Worker-87] INFO  o.e.m.c.i.embedder.EclipseLogger - Using 'UTF-8' encoding to copy filtered resources.
2016-01-28 01:09:30,321 [Worker-87] INFO  o.e.m.c.i.embedder.EclipseLogger - skip non existing resourceDirectory /home/nico/java-bootcamp-2016/topic5/Mongo/src/main/resources
2016-01-28 01:09:30,323 [Worker-87] INFO  o.e.m.c.i.embedder.EclipseLogger - Using 'UTF-8' encoding to copy filtered resources.
2016-01-28 01:09:30,323 [Worker-87] INFO  o.e.m.c.i.embedder.EclipseLogger - skip non existing resourceDirectory /home/nico/java-bootcamp-2016/topic5/Mongo/src/test/resources
2016-01-28 01:10:03,022 [Worker-85] INFO  o.e.m.c.i.embedder.EclipseLogger - Using 'UTF-8' encoding to copy filtered resources.
2016-01-28 01:10:03,023 [Worker-85] INFO  o.e.m.c.i.embedder.EclipseLogger - skip non existing resourceDirectory /home/nico/java-bootcamp-2016/topic5/Mongo/src/main/resources
2016-01-28 01:10:03,025 [Worker-85] INFO  o.e.m.c.i.embedder.EclipseLogger - Using 'UTF-8' encoding to copy filtered resources.
2016-01-28 01:10:03,025 [Worker-85] INFO  o.e.m.c.i.embedder.EclipseLogger - skip non existing resourceDirectory /home/nico/java-bootcamp-2016/topic5/Mongo/src/test/resources
2016-01-28 01:10:18,722 [Worker-86] INFO  o.e.m.c.i.embedder.EclipseLogger - Using 'UTF-8' encoding to copy filtered resources.
2016-01-28 01:10:18,722 [Worker-86] INFO  o.e.m.c.i.embedder.EclipseLogger - skip non existing resourceDirectory /home/nico/java-bootcamp-2016/topic5/Mongo/src/main/resources
2016-01-28 01:10:18,725 [Worker-86] INFO  o.e.m.c.i.embedder.EclipseLogger - Using 'UTF-8' encoding to copy filtered resources.
2016-01-28 01:10:18,725 [Worker-86] INFO  o.e.m.c.i.embedder.EclipseLogger - skip non existing resourceDirectory /home/nico/java-bootcamp-2016/topic5/Mongo/src/test/resources
2016-01-28 01:10:28,858 [Worker-86] INFO  o.e.m.c.i.embedder.EclipseLogger - Using 'UTF-8' encoding to copy filtered resources.
2016-01-28 01:10:28,858 [Worker-86] INFO  o.e.m.c.i.embedder.EclipseLogger - skip non existing resourceDirectory /home/nico/java-bootcamp-2016/topic5/Mongo/src/main/resources
2016-01-28 01:10:28,860 [Worker-86] INFO  o.e.m.c.i.embedder.EclipseLogger - Using 'UTF-8' encoding to copy filtered resources.
2016-01-28 01:10:28,860 [Worker-86] INFO  o.e.m.c.i.embedder.EclipseLogger - skip non existing resourceDirectory /home/nico/java-bootcamp-2016/topic5/Mongo/src/test/resources
2016-01-28 01:11:00,044 [Worker-86] INFO  o.e.m.c.i.embedder.EclipseLogger - Using 'UTF-8' encoding to copy filtered resources.
2016-01-28 01:11:00,044 [Worker-86] INFO  o.e.m.c.i.embedder.EclipseLogger - skip non existing resourceDirectory /home/nico/java-bootcamp-2016/topic5/Mongo/src/main/resources
2016-01-28 01:11:00,090 [Worker-86] INFO  o.e.m.c.i.embedder.EclipseLogger - Using 'UTF-8' encoding to copy filtered resources.
2016-01-28 01:11:00,090 [Worker-86] INFO  o.e.m.c.i.embedder.EclipseLogger - skip non existing resourceDirectory /home/nico/java-bootcamp-2016/topic5/Mongo/src/test/resources
2016-01-28 01:11:06,906 [Worker-91] INFO  o.e.m.c.i.embedder.EclipseLogger - Using 'UTF-8' encoding to copy filtered resources.
2016-01-28 01:11:06,906 [Worker-91] INFO  o.e.m.c.i.embedder.EclipseLogger - skip non existing resourceDirectory /home/nico/java-bootcamp-2016/topic5/Mongo/src/main/resources
2016-01-28 01:11:06,909 [Worker-91] INFO  o.e.m.c.i.embedder.EclipseLogger - Using 'UTF-8' encoding to copy filtered resources.
2016-01-28 01:11:06,909 [Worker-91] INFO  o.e.m.c.i.embedder.EclipseLogger - skip non existing resourceDirectory /home/nico/java-bootcamp-2016/topic5/Mongo/src/test/resources
2016-01-28 01:11:16,004 [Worker-87] INFO  o.e.m.c.i.embedder.EclipseLogger - Using 'UTF-8' encoding to copy filtered resources.
2016-01-28 01:11:16,005 [Worker-87] INFO  o.e.m.c.i.embedder.EclipseLogger - skip non existing resourceDirectory /home/nico/java-bootcamp-2016/topic5/Mongo/src/main/resources
2016-01-28 01:11:16,006 [Worker-87] INFO  o.e.m.c.i.embedder.EclipseLogger - Using 'UTF-8' encoding to copy filtered resources.
2016-01-28 01:11:16,007 [Worker-87] INFO  o.e.m.c.i.embedder.EclipseLogger - skip non existing resourceDirectory /home/nico/java-bootcamp-2016/topic5/Mongo/src/test/resources
2016-01-28 01:12:12,145 [Worker-91] INFO  o.e.m.c.i.embedder.EclipseLogger - Using 'UTF-8' encoding to copy filtered resources.
2016-01-28 01:12:12,145 [Worker-91] INFO  o.e.m.c.i.embedder.EclipseLogger - skip non existing resourceDirectory /home/nico/java-bootcamp-2016/topic5/Mongo/src/main/resources
2016-01-28 01:12:12,146 [Worker-91] INFO  o.e.m.c.i.embedder.EclipseLogger - Using 'UTF-8' encoding to copy filtered resources.
2016-01-28 01:12:12,147 [Worker-91] INFO  o.e.m.c.i.embedder.EclipseLogger - skip non existing resourceDirectory /home/nico/java-bootcamp-2016/topic5/Mongo/src/test/resources
2016-01-28 01:12:20,679 [Worker-85] INFO  o.e.m.c.i.embedder.EclipseLogger - Using 'UTF-8' encoding to copy filtered resources.
2016-01-28 01:12:20,680 [Worker-85] INFO  o.e.m.c.i.embedder.EclipseLogger - skip non existing resourceDirectory /home/nico/java-bootcamp-2016/topic5/Mongo/src/main/resources
2016-01-28 01:12:20,682 [Worker-85] INFO  o.e.m.c.i.embedder.EclipseLogger - Using 'UTF-8' encoding to copy filtered resources.
2016-01-28 01:12:20,682 [Worker-85] INFO  o.e.m.c.i.embedder.EclipseLogger - skip non existing resourceDirectory /home/nico/java-bootcamp-2016/topic5/Mongo/src/test/resources
2016-01-28 01:12:33,042 [Worker-90] INFO  o.e.m.c.i.embedder.EclipseLogger - Using 'UTF-8' encoding to copy filtered resources.
2016-01-28 01:12:33,042 [Worker-90] INFO  o.e.m.c.i.embedder.EclipseLogger - skip non existing resourceDirectory /home/nico/java-bootcamp-2016/topic5/Mongo/src/main/resources
2016-01-28 01:12:33,044 [Worker-90] INFO  o.e.m.c.i.embedder.EclipseLogger - Using 'UTF-8' encoding to copy filtered resources.
2016-01-28 01:12:33,044 [Worker-90] INFO  o.e.m.c.i.embedder.EclipseLogger - skip non existing resourceDirectory /home/nico/java-bootcamp-2016/topic5/Mongo/src/test/resources
2016-01-28 01:12:47,310 [Worker-85] INFO  o.e.m.c.i.embedder.EclipseLogger - Using 'UTF-8' encoding to copy filtered resources.
2016-01-28 01:12:47,310 [Worker-85] INFO  o.e.m.c.i.embedder.EclipseLogger - skip non existing resourceDirectory /home/nico/java-bootcamp-2016/topic5/Mongo/src/main/resources
2016-01-28 01:12:47,312 [Worker-85] INFO  o.e.m.c.i.embedder.EclipseLogger - Using 'UTF-8' encoding to copy filtered resources.
2016-01-28 01:12:47,312 [Worker-85] INFO  o.e.m.c.i.embedder.EclipseLogger - skip non existing resourceDirectory /home/nico/java-bootcamp-2016/topic5/Mongo/src/test/resources
2016-01-28 01:23:44,984 [Worker-86] INFO  o.e.m.c.i.embedder.EclipseLogger - Using 'UTF-8' encoding to copy filtered resources.
2016-01-28 01:23:45,001 [Worker-86] INFO  o.e.m.c.i.embedder.EclipseLogger - skip non existing resourceDirectory /home/nico/java-bootcamp-2016/topic5/Mongo/src/main/resources
2016-01-28 01:23:45,003 [Worker-86] INFO  o.e.m.c.i.embedder.EclipseLogger - Using 'UTF-8' encoding to copy filtered resources.
2016-01-28 01:23:45,004 [Worker-86] INFO  o.e.m.c.i.embedder.EclipseLogger - skip non existing resourceDirectory /home/nico/java-bootcamp-2016/topic5/Mongo/src/test/resources
2016-01-28 01:24:03,558 [Worker-87] INFO  o.e.m.c.i.embedder.EclipseLogger - Using 'UTF-8' encoding to copy filtered resources.
2016-01-28 01:24:03,558 [Worker-87] INFO  o.e.m.c.i.embedder.EclipseLogger - skip non existing resourceDirectory /home/nico/java-bootcamp-2016/topic5/Mongo/src/main/resources
2016-01-28 01:24:03,565 [Worker-87] INFO  o.e.m.c.i.embedder.EclipseLogger - Using 'UTF-8' encoding to copy filtered resources.
2016-01-28 01:24:03,590 [Worker-87] INFO  o.e.m.c.i.embedder.EclipseLogger - skip non existing resourceDirectory /home/nico/java-bootcamp-2016/topic5/Mongo/src/test/resources
2016-01-28 01:24:17,391 [Worker-87] INFO  o.e.m.c.i.embedder.EclipseLogger - Using 'UTF-8' encoding to copy filtered resources.
2016-01-28 01:24:17,392 [Worker-87] INFO  o.e.m.c.i.embedder.EclipseLogger - skip non existing resourceDirectory /home/nico/java-bootcamp-2016/topic5/Mongo/src/main/resources
2016-01-28 01:24:17,394 [Worker-87] INFO  o.e.m.c.i.embedder.EclipseLogger - Using 'UTF-8' encoding to copy filtered resources.
2016-01-28 01:24:17,394 [Worker-87] INFO  o.e.m.c.i.embedder.EclipseLogger - skip non existing resourceDirectory /home/nico/java-bootcamp-2016/topic5/Mongo/src/test/resources
2016-01-28 01:25:20,252 [Worker-92] INFO  o.e.m.c.i.embedder.EclipseLogger - Using 'UTF-8' encoding to copy filtered resources.
2016-01-28 01:25:20,253 [Worker-92] INFO  o.e.m.c.i.embedder.EclipseLogger - skip non existing resourceDirectory /home/nico/java-bootcamp-2016/topic5/Mongo/src/main/resources
2016-01-28 01:25:20,256 [Worker-92] INFO  o.e.m.c.i.embedder.EclipseLogger - Using 'UTF-8' encoding to copy filtered resources.
2016-01-28 01:25:20,256 [Worker-92] INFO  o.e.m.c.i.embedder.EclipseLogger - skip non existing resourceDirectory /home/nico/java-bootcamp-2016/topic5/Mongo/src/test/resources
2016-01-28 01:25:57,143 [Worker-88] INFO  o.e.m.c.i.embedder.EclipseLogger - Using 'UTF-8' encoding to copy filtered resources.
2016-01-28 01:25:57,143 [Worker-88] INFO  o.e.m.c.i.embedder.EclipseLogger - skip non existing resourceDirectory /home/nico/java-bootcamp-2016/topic5/Mongo/src/main/resources
2016-01-28 01:25:57,144 [Worker-88] INFO  o.e.m.c.i.embedder.EclipseLogger - Using 'UTF-8' encoding to copy filtered resources.
2016-01-28 01:25:57,144 [Worker-88] INFO  o.e.m.c.i.embedder.EclipseLogger - skip non existing resourceDirectory /home/nico/java-bootcamp-2016/topic5/Mongo/src/test/resources
2016-01-28 01:26:13,994 [Worker-86] INFO  o.e.m.c.i.embedder.EclipseLogger - Using 'UTF-8' encoding to copy filtered resources.
2016-01-28 01:26:13,994 [Worker-86] INFO  o.e.m.c.i.embedder.EclipseLogger - skip non existing resourceDirectory /home/nico/java-bootcamp-2016/topic5/Mongo/src/main/resources
2016-01-28 01:26:13,996 [Worker-86] INFO  o.e.m.c.i.embedder.EclipseLogger - Using 'UTF-8' encoding to copy filtered resources.
2016-01-28 01:26:13,996 [Worker-86] INFO  o.e.m.c.i.embedder.EclipseLogger - skip non existing resourceDirectory /home/nico/java-bootcamp-2016/topic5/Mongo/src/test/resources
2016-01-28 01:30:00,678 [Worker-93] INFO  o.e.m.c.i.embedder.EclipseLogger - Using 'UTF-8' encoding to copy filtered resources.
2016-01-28 01:30:00,708 [Worker-93] INFO  o.e.m.c.i.embedder.EclipseLogger - skip non existing resourceDirectory /home/nico/java-bootcamp-2016/topic5/Mongo/src/main/resources
2016-01-28 01:30:00,710 [Worker-93] INFO  o.e.m.c.i.embedder.EclipseLogger - Using 'UTF-8' encoding to copy filtered resources.
2016-01-28 01:30:00,711 [Worker-93] INFO  o.e.m.c.i.embedder.EclipseLogger - skip non existing resourceDirectory /home/nico/java-bootcamp-2016/topic5/Mongo/src/test/resources
2016-01-28 01:30:01,774 [Worker-85] INFO  o.e.m.c.i.embedder.EclipseLogger - Using 'UTF-8' encoding to copy filtered resources.
2016-01-28 01:30:01,774 [Worker-85] INFO  o.e.m.c.i.embedder.EclipseLogger - skip non existing resourceDirectory /home/nico/java-bootcamp-2016/topic5/Mongo/src/main/resources
2016-01-28 01:30:01,777 [Worker-85] INFO  o.e.m.c.i.embedder.EclipseLogger - Using 'UTF-8' encoding to copy filtered resources.
2016-01-28 01:30:01,777 [Worker-85] INFO  o.e.m.c.i.embedder.EclipseLogger - skip non existing resourceDirectory /home/nico/java-bootcamp-2016/topic5/Mongo/src/test/resources
2016-01-28 01:37:42,712 [Worker-86] INFO  o.e.m.c.i.embedder.EclipseLogger - Using 'UTF-8' encoding to copy filtered resources.
2016-01-28 01:37:42,774 [Worker-86] INFO  o.e.m.c.i.embedder.EclipseLogger - skip non existing resourceDirectory /home/nico/java-bootcamp-2016/topic5/Mongo/src/main/resources
2016-01-28 01:37:42,776 [Worker-86] INFO  o.e.m.c.i.embedder.EclipseLogger - Using 'UTF-8' encoding to copy filtered resources.
2016-01-28 01:37:42,776 [Worker-86] INFO  o.e.m.c.i.embedder.EclipseLogger - skip non existing resourceDirectory /home/nico/java-bootcamp-2016/topic5/Mongo/src/test/resources
2016-01-28 01:40:19,314 [Worker-86] INFO  o.e.m.c.i.embedder.EclipseLogger - Using 'UTF-8' encoding to copy filtered resources.
2016-01-28 01:40:19,344 [Worker-86] INFO  o.e.m.c.i.embedder.EclipseLogger - skip non existing resourceDirectory /home/nico/java-bootcamp-2016/topic5/Mongo/src/main/resources
2016-01-28 01:40:19,346 [Worker-86] INFO  o.e.m.c.i.embedder.EclipseLogger - Using 'UTF-8' encoding to copy filtered resources.
2016-01-28 01:40:19,346 [Worker-86] INFO  o.e.m.c.i.embedder.EclipseLogger - skip non existing resourceDirectory /home/nico/java-bootcamp-2016/topic5/Mongo/src/test/resources
2016-01-28 01:40:42,897 [Worker-87] INFO  o.e.m.c.i.embedder.EclipseLogger - Using 'UTF-8' encoding to copy filtered resources.
2016-01-28 01:40:42,897 [Worker-87] INFO  o.e.m.c.i.embedder.EclipseLogger - skip non existing resourceDirectory /home/nico/java-bootcamp-2016/topic5/Mongo/src/main/resources
2016-01-28 01:40:42,900 [Worker-87] INFO  o.e.m.c.i.embedder.EclipseLogger - Using 'UTF-8' encoding to copy filtered resources.
2016-01-28 01:40:42,900 [Worker-87] INFO  o.e.m.c.i.embedder.EclipseLogger - skip non existing resourceDirectory /home/nico/java-bootcamp-2016/topic5/Mongo/src/test/resources
2016-01-28 01:41:08,086 [Worker-93] INFO  o.e.m.c.i.embedder.EclipseLogger - Using 'UTF-8' encoding to copy filtered resources.
2016-01-28 01:41:08,086 [Worker-93] INFO  o.e.m.c.i.embedder.EclipseLogger - skip non existing resourceDirectory /home/nico/java-bootcamp-2016/topic5/Mongo/src/main/resources
2016-01-28 01:41:08,087 [Worker-93] INFO  o.e.m.c.i.embedder.EclipseLogger - Using 'UTF-8' encoding to copy filtered resources.
2016-01-28 01:41:08,088 [Worker-93] INFO  o.e.m.c.i.embedder.EclipseLogger - skip non existing resourceDirectory /home/nico/java-bootcamp-2016/topic5/Mongo/src/test/resources
2016-01-28 01:41:25,671 [Worker-93] INFO  o.e.m.c.i.embedder.EclipseLogger - Using 'UTF-8' encoding to copy filtered resources.
2016-01-28 01:41:25,672 [Worker-93] INFO  o.e.m.c.i.embedder.EclipseLogger - skip non existing resourceDirectory /home/nico/java-bootcamp-2016/topic5/Mongo/src/main/resources
2016-01-28 01:41:25,674 [Worker-93] INFO  o.e.m.c.i.embedder.EclipseLogger - Using 'UTF-8' encoding to copy filtered resources.
2016-01-28 01:41:25,674 [Worker-93] INFO  o.e.m.c.i.embedder.EclipseLogger - skip non existing resourceDirectory /home/nico/java-bootcamp-2016/topic5/Mongo/src/test/resources
2016-01-28 01:41:40,022 [Worker-95] INFO  o.e.m.c.i.embedder.EclipseLogger - Using 'UTF-8' encoding to copy filtered resources.
2016-01-28 01:41:40,023 [Worker-95] INFO  o.e.m.c.i.embedder.EclipseLogger - skip non existing resourceDirectory /home/nico/java-bootcamp-2016/topic5/Mongo/src/main/resources
2016-01-28 01:41:40,024 [Worker-95] INFO  o.e.m.c.i.embedder.EclipseLogger - Using 'UTF-8' encoding to copy filtered resources.
2016-01-28 01:41:40,024 [Worker-95] INFO  o.e.m.c.i.embedder.EclipseLogger - skip non existing resourceDirectory /home/nico/java-bootcamp-2016/topic5/Mongo/src/test/resources
