2016-01-21 18:38:48,212 [Worker-7] INFO  o.e.m.c.i.p.ProjectConfigurationManager - Collecting project info '/pom.xml' /home/nico/java-bootcamp-2016/topic3/ShoppingCartTDD/pom.xml
2016-01-21 18:38:54,350 [Worker-7] INFO  o.e.m.c.i.l.LifecycleMappingFactory - Using org.eclipse.m2e.jdt.JarLifecycleMapping lifecycle mapping for MavenProject: TDD:ShoppingCartTDD:0.0.1-SNAPSHOT @ /home/nico/java-bootcamp-2016/topic3/ShoppingCartTDD/pom.xml.
2016-01-21 18:38:56,062 [Worker-7] INFO  o.e.m.j.i.AbstractJavaProjectConfigurator - Adding source folder /ShoppingCartTDD/src/main/java
2016-01-21 18:38:56,065 [Worker-7] INFO  o.e.m.j.i.AbstractJavaProjectConfigurator - Adding source folder /ShoppingCartTDD/src/test/java
2016-01-21 18:38:58,245 [Worker-7] INFO  o.e.m.c.i.p.ProjectConfigurationManager - Imported and configured 1 project(s) in 10 sec
2016-01-21 18:39:00,946 [Worker-20] INFO  o.e.m.c.i.embedder.EclipseLogger - Using 'UTF-8' encoding to copy filtered resources.
2016-01-21 18:39:00,947 [Worker-20] INFO  o.e.m.c.i.embedder.EclipseLogger - skip non existing resourceDirectory /home/nico/java-bootcamp-2016/topic3/ShoppingCartTDD/src/main/resources
2016-01-21 18:39:00,957 [Worker-20] INFO  o.e.m.c.i.embedder.EclipseLogger - Using 'UTF-8' encoding to copy filtered resources.
2016-01-21 18:39:00,958 [Worker-20] INFO  o.e.m.c.i.embedder.EclipseLogger - skip non existing resourceDirectory /home/nico/java-bootcamp-2016/topic3/ShoppingCartTDD/src/test/resources
2016-01-21 18:41:15,439 [Worker-7] INFO  o.e.m.c.i.l.LifecycleMappingFactory - Using org.eclipse.m2e.jdt.JarLifecycleMapping lifecycle mapping for MavenProject: TDD:ShoppingCartTDD:0.0.1-SNAPSHOT @ /home/nico/java-bootcamp-2016/topic3/ShoppingCartTDD/pom.xml.
2016-01-21 18:41:16,457 [Worker-7] INFO  o.e.m.c.i.embedder.EclipseLogger - Using 'UTF-8' encoding to copy filtered resources.
2016-01-21 18:41:16,457 [Worker-7] INFO  o.e.m.c.i.embedder.EclipseLogger - skip non existing resourceDirectory /home/nico/java-bootcamp-2016/topic3/ShoppingCartTDD/src/main/resources
2016-01-21 18:41:16,461 [Worker-7] INFO  o.e.m.c.i.embedder.EclipseLogger - Using 'UTF-8' encoding to copy filtered resources.
2016-01-21 18:41:16,461 [Worker-7] INFO  o.e.m.c.i.embedder.EclipseLogger - skip non existing resourceDirectory /home/nico/java-bootcamp-2016/topic3/ShoppingCartTDD/src/test/resources
2016-01-21 18:41:18,316 [Worker-21] INFO  o.e.m.c.i.embedder.EclipseLogger - Using 'UTF-8' encoding to copy filtered resources.
2016-01-21 18:41:18,316 [Worker-21] INFO  o.e.m.c.i.embedder.EclipseLogger - skip non existing resourceDirectory /home/nico/java-bootcamp-2016/topic3/ShoppingCartTDD/src/main/resources
2016-01-21 18:41:18,319 [Worker-21] INFO  o.e.m.c.i.embedder.EclipseLogger - Using 'UTF-8' encoding to copy filtered resources.
2016-01-21 18:41:18,319 [Worker-21] INFO  o.e.m.c.i.embedder.EclipseLogger - skip non existing resourceDirectory /home/nico/java-bootcamp-2016/topic3/ShoppingCartTDD/src/test/resources
2016-01-21 18:41:32,976 [Worker-19] INFO  o.e.m.c.i.p.ProjectConfigurationManager - Update started
2016-01-21 18:41:33,620 [Worker-19] INFO  o.e.m.c.i.l.LifecycleMappingFactory - Using org.eclipse.m2e.jdt.JarLifecycleMapping lifecycle mapping for MavenProject: TDD:ShoppingCartTDD:0.0.1-SNAPSHOT @ /home/nico/java-bootcamp-2016/topic3/ShoppingCartTDD/pom.xml.
2016-01-21 18:41:33,796 [Worker-19] INFO  o.e.m.j.i.AbstractJavaProjectConfigurator - Adding source folder /ShoppingCartTDD/src/main/java
2016-01-21 18:41:33,797 [Worker-19] INFO  o.e.m.j.i.AbstractJavaProjectConfigurator - Adding source folder /ShoppingCartTDD/src/test/java
2016-01-21 18:41:34,058 [Worker-19] INFO  o.e.m.c.i.p.ProjectConfigurationManager - Update completed: 1 sec
2016-01-21 18:41:34,299 [Worker-16] INFO  o.e.m.c.i.embedder.EclipseLogger - Using 'UTF-8' encoding to copy filtered resources.
2016-01-21 18:41:34,299 [Worker-16] INFO  o.e.m.c.i.embedder.EclipseLogger - skip non existing resourceDirectory /home/nico/java-bootcamp-2016/topic3/ShoppingCartTDD/src/main/resources
2016-01-21 18:41:34,303 [Worker-16] INFO  o.e.m.c.i.embedder.EclipseLogger - Using 'UTF-8' encoding to copy filtered resources.
2016-01-21 18:41:34,303 [Worker-16] INFO  o.e.m.c.i.embedder.EclipseLogger - skip non existing resourceDirectory /home/nico/java-bootcamp-2016/topic3/ShoppingCartTDD/src/test/resources
2016-01-21 18:42:59,919 [Worker-16] INFO  o.e.m.c.i.embedder.EclipseLogger - Using 'UTF-8' encoding to copy filtered resources.
2016-01-21 18:42:59,920 [Worker-16] INFO  o.e.m.c.i.embedder.EclipseLogger - skip non existing resourceDirectory /home/nico/java-bootcamp-2016/topic3/ShoppingCartTDD/src/main/resources
2016-01-21 18:42:59,922 [Worker-16] INFO  o.e.m.c.i.embedder.EclipseLogger - Using 'UTF-8' encoding to copy filtered resources.
2016-01-21 18:42:59,923 [Worker-16] INFO  o.e.m.c.i.embedder.EclipseLogger - skip non existing resourceDirectory /home/nico/java-bootcamp-2016/topic3/ShoppingCartTDD/src/test/resources
2016-01-21 18:43:27,936 [Worker-18] INFO  o.e.m.c.i.embedder.EclipseLogger - Using 'UTF-8' encoding to copy filtered resources.
2016-01-21 18:43:27,936 [Worker-18] INFO  o.e.m.c.i.embedder.EclipseLogger - skip non existing resourceDirectory /home/nico/java-bootcamp-2016/topic3/ShoppingCartTDD/src/main/resources
2016-01-21 18:43:27,939 [Worker-18] INFO  o.e.m.c.i.embedder.EclipseLogger - Using 'UTF-8' encoding to copy filtered resources.
2016-01-21 18:43:27,939 [Worker-18] INFO  o.e.m.c.i.embedder.EclipseLogger - skip non existing resourceDirectory /home/nico/java-bootcamp-2016/topic3/ShoppingCartTDD/src/test/resources
2016-01-21 18:43:31,302 [Worker-18] INFO  o.e.m.c.i.embedder.EclipseLogger - Using 'UTF-8' encoding to copy filtered resources.
2016-01-21 18:43:31,302 [Worker-18] INFO  o.e.m.c.i.embedder.EclipseLogger - skip non existing resourceDirectory /home/nico/java-bootcamp-2016/topic3/ShoppingCartTDD/src/main/resources
2016-01-21 18:43:31,304 [Worker-18] INFO  o.e.m.c.i.embedder.EclipseLogger - Using 'UTF-8' encoding to copy filtered resources.
2016-01-21 18:43:31,304 [Worker-18] INFO  o.e.m.c.i.embedder.EclipseLogger - skip non existing resourceDirectory /home/nico/java-bootcamp-2016/topic3/ShoppingCartTDD/src/test/resources
2016-01-21 18:44:25,321 [Worker-20] INFO  o.e.m.c.i.embedder.EclipseLogger - Using 'UTF-8' encoding to copy filtered resources.
2016-01-21 18:44:25,321 [Worker-20] INFO  o.e.m.c.i.embedder.EclipseLogger - skip non existing resourceDirectory /home/nico/java-bootcamp-2016/topic3/ShoppingCartTDD/src/main/resources
2016-01-21 18:44:25,324 [Worker-20] INFO  o.e.m.c.i.embedder.EclipseLogger - Using 'UTF-8' encoding to copy filtered resources.
2016-01-21 18:44:25,325 [Worker-20] INFO  o.e.m.c.i.embedder.EclipseLogger - skip non existing resourceDirectory /home/nico/java-bootcamp-2016/topic3/ShoppingCartTDD/src/test/resources
2016-01-21 18:44:51,068 [Worker-19] INFO  o.e.m.c.i.embedder.EclipseLogger - Using 'UTF-8' encoding to copy filtered resources.
2016-01-21 18:44:51,069 [Worker-19] INFO  o.e.m.c.i.embedder.EclipseLogger - skip non existing resourceDirectory /home/nico/java-bootcamp-2016/topic3/ShoppingCartTDD/src/main/resources
2016-01-21 18:44:51,071 [Worker-19] INFO  o.e.m.c.i.embedder.EclipseLogger - Using 'UTF-8' encoding to copy filtered resources.
2016-01-21 18:44:51,071 [Worker-19] INFO  o.e.m.c.i.embedder.EclipseLogger - skip non existing resourceDirectory /home/nico/java-bootcamp-2016/topic3/ShoppingCartTDD/src/test/resources
2016-01-21 18:45:04,065 [Worker-22] INFO  o.e.m.c.i.embedder.EclipseLogger - Using 'UTF-8' encoding to copy filtered resources.
2016-01-21 18:45:04,065 [Worker-22] INFO  o.e.m.c.i.embedder.EclipseLogger - skip non existing resourceDirectory /home/nico/java-bootcamp-2016/topic3/ShoppingCartTDD/src/main/resources
2016-01-21 18:45:04,068 [Worker-22] INFO  o.e.m.c.i.embedder.EclipseLogger - Using 'UTF-8' encoding to copy filtered resources.
2016-01-21 18:45:04,068 [Worker-22] INFO  o.e.m.c.i.embedder.EclipseLogger - skip non existing resourceDirectory /home/nico/java-bootcamp-2016/topic3/ShoppingCartTDD/src/test/resources
2016-01-21 18:49:03,898 [Worker-19] INFO  o.e.m.c.i.embedder.EclipseLogger - Using 'UTF-8' encoding to copy filtered resources.
2016-01-21 18:49:03,918 [Worker-19] INFO  o.e.m.c.i.embedder.EclipseLogger - skip non existing resourceDirectory /home/nico/java-bootcamp-2016/topic3/ShoppingCartTDD/src/main/resources
2016-01-21 18:49:03,922 [Worker-19] INFO  o.e.m.c.i.embedder.EclipseLogger - Using 'UTF-8' encoding to copy filtered resources.
2016-01-21 18:49:03,922 [Worker-19] INFO  o.e.m.c.i.embedder.EclipseLogger - skip non existing resourceDirectory /home/nico/java-bootcamp-2016/topic3/ShoppingCartTDD/src/test/resources
2016-01-21 18:49:18,157 [Worker-18] INFO  o.e.m.c.i.embedder.EclipseLogger - Using 'UTF-8' encoding to copy filtered resources.
2016-01-21 18:49:18,157 [Worker-18] INFO  o.e.m.c.i.embedder.EclipseLogger - skip non existing resourceDirectory /home/nico/java-bootcamp-2016/topic3/ShoppingCartTDD/src/main/resources
2016-01-21 18:49:18,161 [Worker-18] INFO  o.e.m.c.i.embedder.EclipseLogger - Using 'UTF-8' encoding to copy filtered resources.
2016-01-21 18:49:18,161 [Worker-18] INFO  o.e.m.c.i.embedder.EclipseLogger - skip non existing resourceDirectory /home/nico/java-bootcamp-2016/topic3/ShoppingCartTDD/src/test/resources
2016-01-21 18:49:22,134 [Worker-16] INFO  o.e.m.c.i.embedder.EclipseLogger - Using 'UTF-8' encoding to copy filtered resources.
2016-01-21 18:49:22,134 [Worker-16] INFO  o.e.m.c.i.embedder.EclipseLogger - skip non existing resourceDirectory /home/nico/java-bootcamp-2016/topic3/ShoppingCartTDD/src/main/resources
2016-01-21 18:49:22,137 [Worker-16] INFO  o.e.m.c.i.embedder.EclipseLogger - Using 'UTF-8' encoding to copy filtered resources.
2016-01-21 18:49:22,138 [Worker-16] INFO  o.e.m.c.i.embedder.EclipseLogger - skip non existing resourceDirectory /home/nico/java-bootcamp-2016/topic3/ShoppingCartTDD/src/test/resources
2016-01-21 18:50:01,037 [Worker-19] INFO  o.e.m.c.i.embedder.EclipseLogger - Using 'UTF-8' encoding to copy filtered resources.
2016-01-21 18:50:01,062 [Worker-19] INFO  o.e.m.c.i.embedder.EclipseLogger - skip non existing resourceDirectory /home/nico/java-bootcamp-2016/topic3/ShoppingCartTDD/src/main/resources
2016-01-21 18:50:01,065 [Worker-19] INFO  o.e.m.c.i.embedder.EclipseLogger - Using 'UTF-8' encoding to copy filtered resources.
2016-01-21 18:50:01,086 [Worker-19] INFO  o.e.m.c.i.embedder.EclipseLogger - skip non existing resourceDirectory /home/nico/java-bootcamp-2016/topic3/ShoppingCartTDD/src/test/resources
